This file contains any messages produced by compilers while
running configure, to aid debugging if configure makes a mistake.

It was created by configure, which was
generated by GNU Autoconf 2.68.  Invocation command line was

  $ ./configure --prefix=/home/amelo/Documents/SICStus --with-tcltk=/usr/local --with-tcltkversion=8.5 --enable-tcltk-version-fallback --with-java=/usr/local/jdk --with-bdb=/usr/local/BerkeleyDB.x.y --enable-64bit --enable-jit --with-bdbversion=5.3.21 --cache-file=/dev/null

## --------- ##
## Platform. ##
## --------- ##

hostname = antoniomelo
uname -m = x86_64
uname -r = 4.7.4-200.fc24.x86_64
uname -s = Linux
uname -v = #1 SMP Thu Sep 15 18:42:09 UTC 2016

/usr/bin/uname -p = x86_64
/bin/uname -X     = unknown

/bin/arch              = x86_64
/usr/bin/arch -k       = unknown
/usr/convex/getsysinfo = unknown
/usr/bin/hostinfo      = unknown
/bin/machine           = unknown
/usr/bin/oslevel       = unknown
/bin/universe          = unknown

PATH: /usr/lib64/qt-3.3/bin
PATH: /usr/local/bin
PATH: /usr/local/sbin
PATH: /usr/bin
PATH: /usr/sbin
PATH: /home/amelo/.local/bin
PATH: /home/amelo/bin


## ----------- ##
## Core tests. ##
## ----------- ##

configure:2761: The original platform is x86_64-linux-glibc2.23
configure:2830: checking whether 64bit is enabled
configure:2832: result: yes
configure:2988: checking for 32/64 bit specific platform name
configure:2990: result: x86_64-linux-glibc2.23
configure:3030: checking validity of ./platform.cache
configure:3038: result: ok
configure:3048: checking for executable and object file extensions
configure:3063: result: "" and ".o"
configure:3070: checking whether this is a pre-built installation
configure:3073: result: 
configure:3095: checking for sort
configure:3114: found /bin/sort
configure:3126: result: /bin/sort
configure:3139: checking for uname
configure:3157: found /usr/bin/uname
configure:3169: result: /usr/bin/uname
configure:3179: checking for POSIX compliant grep
configure:3194: result: /usr/bin/grep
configure:3288: checking for POSIX compliant shell
configure:3307: result: /usr/bin/sh
configure:3382: checking debugging
configure:3389: result: yes
configure:3397: checking new debug flag policy
configure:3413: result: yes
configure:3445: checking whether this is a release build
configure:3467: result: yes
configure:3503: checking SICStus version
configure:3505: result: 4.3.3
configure:3520: checking version specific name for SP_get_dispatch
configure:3528: result: SP_get_dispatch_40303
configure:3540: checking whether bracketing should be avoided in the argument to prefix minus
configure:3555: result: no
configure:3561: checking whether clause/2 et al. should hide the non-ISO-compliant rewriting we do
configure:3587: result: yes (ISO 13322-1 compatible)
configure:3598: checking whether clause/2 et al. should hide the module wrapping of meta argument done in callers
configure:3624: result: yes (ISO 13322-1 compatible)
configure:3652: checking for CYGPATH
configure:3654: result: echo
configure:3656: checking for CYGPATHBACKSLASH
configure:3658: result: echo
configure:3660: checking for NATIVEPATH
configure:3662: result: $(strip $(1))
configure:3664: checking for NATIVEPATHBACKSLASH
configure:3666: result: $(strip $(1))
configure:3818: checking for make
configure:3836: found /usr/bin/make
configure:3848: result: /usr/bin/make
configure:3857: checking whether /usr/bin/make sets $(MAKE)
configure:3879: result: yes
configure:3923: checking testsuite
configure:3935: result: yes
configure:3958: checking default C-compiler
configure:3973: result: no
configure:3980: checking default C++ compiler
configure:4005: result: no
configure:4043: checking Path to Mono binaries
configure:4054: result: none
configure:4084: checking for csc
configure:4118: result: no
configure:4175: checking default C# compiler
configure:4179: result: disabled
configure:4243: checking for gcc
configure:4259: found /usr/bin/gcc
configure:4270: result: gcc
configure:4499: checking for C compiler version
configure:4508: gcc --version >&5
gcc (GCC) 6.2.1 20160916 (Red Hat 6.2.1-2)
Copyright (C) 2016 Free Software Foundation, Inc.
This is free software; see the source for copying conditions.  There is NO
warranty; not even for MERCHANTABILITY or FITNESS FOR A PARTICULAR PURPOSE.

configure:4519: $? = 0
configure:4508: gcc -v >&5
Using built-in specs.
COLLECT_GCC=gcc
COLLECT_LTO_WRAPPER=/usr/libexec/gcc/x86_64-redhat-linux/6.2.1/lto-wrapper
Target: x86_64-redhat-linux
Configured with: ../configure --enable-bootstrap --enable-languages=c,c++,objc,obj-c++,fortran,ada,go,lto --prefix=/usr --mandir=/usr/share/man --infodir=/usr/share/info --with-bugurl=http://bugzilla.redhat.com/bugzilla --enable-shared --enable-threads=posix --enable-checking=release --enable-multilib --with-system-zlib --enable-__cxa_atexit --disable-libunwind-exceptions --enable-gnu-unique-object --enable-linker-build-id --with-linker-hash-style=gnu --enable-plugin --enable-initfini-array --disable-libgcj --with-isl --enable-libmpx --enable-gnu-indirect-function --with-tune=generic --with-arch_32=i686 --build=x86_64-redhat-linux
Thread model: posix
gcc version 6.2.1 20160916 (Red Hat 6.2.1-2) (GCC) 
configure:4519: $? = 0
configure:4508: gcc -V >&5
gcc: error: unrecognized command line option '-V'
gcc: fatal error: no input files
compilation terminated.
configure:4519: $? = 1
configure:4508: gcc -qversion >&5
gcc: error: unrecognized command line option '-qversion'; did you mean '--version'?
gcc: fatal error: no input files
compilation terminated.
configure:4519: $? = 1
configure:4539: checking whether the C compiler works
configure:4561: gcc    conftest.c  >&5
configure:4565: $? = 0
configure:4613: result: yes
configure:4616: checking for C compiler default output file name
configure:4618: result: a.out
configure:4624: checking for suffix of executables
configure:4631: gcc -o conftest    conftest.c  >&5
configure:4635: $? = 0
configure:4657: result: 
configure:4679: checking whether we are cross compiling
configure:4687: gcc -o conftest    conftest.c  >&5
configure:4691: $? = 0
configure:4698: ./conftest
configure:4702: $? = 0
configure:4717: result: no
configure:4722: checking for suffix of object files
configure:4769: result: o
configure:4773: checking whether we are using the GNU C compiler
configure:4792: gcc -c   conftest.c >&5
configure:4792: $? = 0
configure:4801: result: yes
configure:4810: checking whether gcc accepts -g
configure:4830: gcc -c -g  conftest.c >&5
configure:4830: $? = 0
configure:4871: result: yes
configure:4888: checking for gcc option to accept ISO C89
configure:4952: gcc  -c -g -O2  conftest.c >&5
configure:4952: $? = 0
configure:4965: result: none needed
configure:4987: checking whether gcc (gcc) is really Intel icc
configure:5003: gcc -c -g -O2  conftest.c >&5
conftest.c: In function 'main':
conftest.c:27:6: error: unknown type name 'not'
      not intel compiler
      ^~~
conftest.c:27:16: error: expected '=', ',', ';', 'asm' or '__attribute__' before 'compiler'
      not intel compiler
                ^~~~~~~~
configure:5003: $? = 1
configure: failed program was:
| /* confdefs.h */
| #define PACKAGE_NAME ""
| #define PACKAGE_TARNAME ""
| #define PACKAGE_VERSION ""
| #define PACKAGE_STRING ""
| #define PACKAGE_BUGREPORT ""
| #define PACKAGE_URL ""
| #define SP_NEW_DBG_POLICY 1
| #define SICSTUS_RELEASE_BUILD 1
| #define SICSTUS_MAJOR_VERSION 4
| #define SICSTUS_MINOR_VERSION 3
| #define SICSTUS_REVISION_VERSION 3
| #define SICSTUS_BETA_VERSION 0
| #define SICSTUS_VERSION_STRING "4.3.3"
| #define SICSTUS_VERSION  40303
| #define SP_GET_DISPATCH_NAME  SP_get_dispatch_40303
| #define SP_CLAUSE_ISO_BODY 1
| #define SP_CLAUSE_ISO_BODY_NO_META_ARGUMENT_WRAPPING 1
| #define RTKERNEL_INSTANCE_TEMPLATE_STRING "libsprt4-3-3-instance-XX"
| #define RELEASE_YEAR 2016
| /* end confdefs.h.  */
| 
| int
| main ()
| {
| #ifndef __INTEL_COMPILER
|      not intel compiler
|     #endif
|   ;
|   return 0;
| }
configure:5009: result: no
configure:5012: checking whether gcc (gcc) is really clang
configure:5023: result: no
configure:5118: checking how to run the C preprocessor
configure:5149: gcc -E  conftest.c
configure:5149: $? = 0
configure:5163: gcc -E  conftest.c
conftest.c:22:28: fatal error: ac_nonexistent.h: No such file or directory
 #include <ac_nonexistent.h>
                            ^
compilation terminated.
configure:5163: $? = 1
configure: failed program was:
| /* confdefs.h */
| #define PACKAGE_NAME ""
| #define PACKAGE_TARNAME ""
| #define PACKAGE_VERSION ""
| #define PACKAGE_STRING ""
| #define PACKAGE_BUGREPORT ""
| #define PACKAGE_URL ""
| #define SP_NEW_DBG_POLICY 1
| #define SICSTUS_RELEASE_BUILD 1
| #define SICSTUS_MAJOR_VERSION 4
| #define SICSTUS_MINOR_VERSION 3
| #define SICSTUS_REVISION_VERSION 3
| #define SICSTUS_BETA_VERSION 0
| #define SICSTUS_VERSION_STRING "4.3.3"
| #define SICSTUS_VERSION  40303
| #define SP_GET_DISPATCH_NAME  SP_get_dispatch_40303
| #define SP_CLAUSE_ISO_BODY 1
| #define SP_CLAUSE_ISO_BODY_NO_META_ARGUMENT_WRAPPING 1
| #define RTKERNEL_INSTANCE_TEMPLATE_STRING "libsprt4-3-3-instance-XX"
| #define RELEASE_YEAR 2016
| /* end confdefs.h.  */
| #include <ac_nonexistent.h>
configure:5188: result: gcc -E
configure:5208: gcc -E  conftest.c
configure:5208: $? = 0
configure:5222: gcc -E  conftest.c
conftest.c:22:28: fatal error: ac_nonexistent.h: No such file or directory
 #include <ac_nonexistent.h>
                            ^
compilation terminated.
configure:5222: $? = 1
configure: failed program was:
| /* confdefs.h */
| #define PACKAGE_NAME ""
| #define PACKAGE_TARNAME ""
| #define PACKAGE_VERSION ""
| #define PACKAGE_STRING ""
| #define PACKAGE_BUGREPORT ""
| #define PACKAGE_URL ""
| #define SP_NEW_DBG_POLICY 1
| #define SICSTUS_RELEASE_BUILD 1
| #define SICSTUS_MAJOR_VERSION 4
| #define SICSTUS_MINOR_VERSION 3
| #define SICSTUS_REVISION_VERSION 3
| #define SICSTUS_BETA_VERSION 0
| #define SICSTUS_VERSION_STRING "4.3.3"
| #define SICSTUS_VERSION  40303
| #define SP_GET_DISPATCH_NAME  SP_get_dispatch_40303
| #define SP_CLAUSE_ISO_BODY 1
| #define SP_CLAUSE_ISO_BODY_NO_META_ARGUMENT_WRAPPING 1
| #define RTKERNEL_INSTANCE_TEMPLATE_STRING "libsprt4-3-3-instance-XX"
| #define RELEASE_YEAR 2016
| /* end confdefs.h.  */
| #include <ac_nonexistent.h>
configure:5258: checking whether -g should be passed to C compiler (gcc)
configure:5274: result: yes
configure:5295: checking whether C compiler should warn about unused variables etc
configure:5305: result: yes
configure:5323: checking whether the C compiler (gcc) accepts -pipe
configure:5327: result: yes
configure:5338: checking gcc version
configure:5372: result: Major version 6, minor version 2
configure:5389: checking whether the C compiler (gcc) should be used for shared linking
configure:5399: result: default
configure:5411: checking for valgrind
configure:5444: result: no
configure:5452: checking for valgrind suppression files
configure:5455: result: none
configure:5466: checking for path to MiniZinc
configure:5504: result: none
configure:5515: checking for mzn2fzn
configure:5549: result: no
configure:5559: checking for solns2out
configure:5593: result: no
configure:5633: checking whether generic foreign language glue should be used
configure:5642: result: no
configure:5647: checking whether JIT compilation is enabled
configure:5712: checking for valgrind flags
configure:5718: result: --alignment=16 --smc-check=all
configure:5726: checking for grep that handles long lines and -e
configure:5784: result: /usr/bin/grep
configure:5789: checking for egrep
configure:5851: result: /usr/bin/grep -E
configure:5871: checking for perl
configure:5889: found /usr/bin/perl
configure:5901: result: /usr/bin/perl
configure:5912: checking Perl version
configure:5920: result: ok
configure:5937: checking if AC_PROG_CXX will succeed
configure:5947: result: 
configure:6062: checking for C++ compiler version
configure:6071: gcc --version >&5
gcc (GCC) 6.2.1 20160916 (Red Hat 6.2.1-2)
Copyright (C) 2016 Free Software Foundation, Inc.
This is free software; see the source for copying conditions.  There is NO
warranty; not even for MERCHANTABILITY or FITNESS FOR A PARTICULAR PURPOSE.

configure:6082: $? = 0
configure:6071: gcc -v >&5
Using built-in specs.
COLLECT_GCC=gcc
COLLECT_LTO_WRAPPER=/usr/libexec/gcc/x86_64-redhat-linux/6.2.1/lto-wrapper
Target: x86_64-redhat-linux
Configured with: ../configure --enable-bootstrap --enable-languages=c,c++,objc,obj-c++,fortran,ada,go,lto --prefix=/usr --mandir=/usr/share/man --infodir=/usr/share/info --with-bugurl=http://bugzilla.redhat.com/bugzilla --enable-shared --enable-threads=posix --enable-checking=release --enable-multilib --with-system-zlib --enable-__cxa_atexit --disable-libunwind-exceptions --enable-gnu-unique-object --enable-linker-build-id --with-linker-hash-style=gnu --enable-plugin --enable-initfini-array --disable-libgcj --with-isl --enable-libmpx --enable-gnu-indirect-function --with-tune=generic --with-arch_32=i686 --build=x86_64-redhat-linux
Thread model: posix
gcc version 6.2.1 20160916 (Red Hat 6.2.1-2) (GCC) 
configure:6082: $? = 0
configure:6071: gcc -V >&5
gcc: error: unrecognized command line option '-V'
gcc: fatal error: no input files
compilation terminated.
configure:6082: $? = 1
configure:6071: gcc -qversion >&5
gcc: error: unrecognized command line option '-qversion'; did you mean '--version'?
gcc: fatal error: no input files
compilation terminated.
configure:6082: $? = 1
configure:6086: checking whether we are using the GNU C++ compiler
configure:6105: gcc -c   conftest.cpp >&5
configure:6105: $? = 0
configure:6114: result: yes
configure:6123: checking whether gcc accepts -g
configure:6143: gcc -c -g  conftest.cpp >&5
configure:6143: $? = 0
configure:6184: result: yes
configure:6222: checking whether floating point consistency should be maintained
configure:6231: result: yes
configure:6284: checking whether gcc supports -Wdisabled-optimization support
configure:6303: gcc -c -g -O2 -pipe -Wdisabled-optimization  conftest.c >&5
configure:6303: $? = 0
configure:6313: result: yes
configure:6439: checking whether -fstrict-aliasing should be used
configure:6455: result: no
configure:6521: checking whether GCC option -fomit-frame-pointer should be used
configure:6530: result: yes
configure:6540: checking for float consistency flags
configure:6573: result: -ffloat-store -mieee-fp
configure:6595: checking whether -ftrapv should be used
configure:6611: result: no
configure:6800: checking whether -D_FORTIFY_SOURCE=2 should be used
configure:6817: result: no
configure:6864: checking whether -fstack-protector-all should be used
configure:6881: result: no
configure:6886: checking whether -fstack-protector should be used
configure:6908: result: no
configure:6913: checking whether -fvisibility=hidden should be used
configure:6924: result: no
configure:6996: checking for ranlib
configure:7012: found /usr/bin/ranlib
configure:7023: result: ranlib
configure:7045: checking whether ln -s works
configure:7049: result: yes
configure:7060: checking for rm
configure:7076: found /usr/bin/rm
configure:7087: result: rm
configure:7097: checking for cp
configure:7113: found /usr/bin/cp
configure:7124: result: cp
configure:7134: checking for mv
configure:7150: found /usr/bin/mv
configure:7161: result: mv
configure:7172: checking for ar
configure:7188: found /usr/bin/ar
configure:7199: result: ar
configure:7209: checking for chmod
configure:7225: found /usr/bin/chmod
configure:7236: result: chmod
configure:7245: checking if mkdir accepts -p
configure:7249: result: yes
configure:7313: checking for en_US.utf8 locale name
configure:7318: result: en_US.utf8
configure:8153: checking whether huge pages should be supported
configure:8171: result: yes
configure:9096: checking C compiler flags during configure
configure:9098: result: -g -O2 -pipe -D_REENTRANT -D_GNU_SOURCE -D_FILE_OFFSET_BITS=64 -fPIC  -fno-strict-aliasing -ffloat-store -mieee-fp
configure:9101: checking C compiler flags for user code
configure:9103: result: -g -O2 -pipe -D_REENTRANT -D_GNU_SOURCE -D_FILE_OFFSET_BITS=64 -fPIC
configure:9106: checking data resource support
configure:9110: result: cc
configure:9115: checking whether multiple SICStus run-times is supported
configure:9135: result: yes
configure:9143: checking whether memory allocation can be hooked
configure:9149: result: yes
configure:9155: checking for JIT ABI
configure:9161: result: linuxx64
configure:9174: checking for JIT PRELOAD FAIL
configure:9177: result: none
configure:9270: checking for zcat
configure:9288: found /usr/bin/zcat
configure:9300: result: /usr/bin/zcat
configure:9336: checking for tar
configure:9354: found /bin/tar
configure:9367: result: /bin/tar
configure:9464: checking what name to use for the kernel static library
configure:9466: result: libsprt4-3-3.a
configure:9471: checking special flags when linking runtime kernel
configure:9475: result: none
configure:9515: checking splfr shared linker export argument
configure:9521: result: -Wl,--version-script=@SP_MAP_FILE@
configure:9635: checking whether SICStus can set SP_APP_DIR/SP_RT_DIR
configure:9638: result: yes
configure:9668: checking CLPFD
configure:9673: result: yes
configure:9688: checking for ANSI C header files
configure:9708: gcc -c -g -O2 -pipe -D_REENTRANT -D_GNU_SOURCE -D_FILE_OFFSET_BITS=64 -fPIC  -fno-strict-aliasing -ffloat-store -mieee-fp  conftest.c >&5
configure:9708: $? = 0
configure:9781: gcc -o conftest -g -O2 -pipe -D_REENTRANT -D_GNU_SOURCE -D_FILE_OFFSET_BITS=64 -fPIC  -fno-strict-aliasing -ffloat-store -mieee-fp   conftest.c -ldl -lm -lpthread -lrt >&5
configure:9781: $? = 0
configure:9781: ./conftest
configure:9781: $? = 0
configure:9792: result: yes
configure:9805: checking for sys/types.h
configure:9805: gcc -c -g -O2 -pipe -D_REENTRANT -D_GNU_SOURCE -D_FILE_OFFSET_BITS=64 -fPIC  -fno-strict-aliasing -ffloat-store -mieee-fp  conftest.c >&5
configure:9805: $? = 0
configure:9805: result: yes
configure:9805: checking for sys/stat.h
configure:9805: gcc -c -g -O2 -pipe -D_REENTRANT -D_GNU_SOURCE -D_FILE_OFFSET_BITS=64 -fPIC  -fno-strict-aliasing -ffloat-store -mieee-fp  conftest.c >&5
configure:9805: $? = 0
configure:9805: result: yes
configure:9805: checking for stdlib.h
configure:9805: gcc -c -g -O2 -pipe -D_REENTRANT -D_GNU_SOURCE -D_FILE_OFFSET_BITS=64 -fPIC  -fno-strict-aliasing -ffloat-store -mieee-fp  conftest.c >&5
configure:9805: $? = 0
configure:9805: result: yes
configure:9805: checking for string.h
configure:9805: gcc -c -g -O2 -pipe -D_REENTRANT -D_GNU_SOURCE -D_FILE_OFFSET_BITS=64 -fPIC  -fno-strict-aliasing -ffloat-store -mieee-fp  conftest.c >&5
configure:9805: $? = 0
configure:9805: result: yes
configure:9805: checking for memory.h
configure:9805: gcc -c -g -O2 -pipe -D_REENTRANT -D_GNU_SOURCE -D_FILE_OFFSET_BITS=64 -fPIC  -fno-strict-aliasing -ffloat-store -mieee-fp  conftest.c >&5
configure:9805: $? = 0
configure:9805: result: yes
configure:9805: checking for strings.h
configure:9805: gcc -c -g -O2 -pipe -D_REENTRANT -D_GNU_SOURCE -D_FILE_OFFSET_BITS=64 -fPIC  -fno-strict-aliasing -ffloat-store -mieee-fp  conftest.c >&5
configure:9805: $? = 0
configure:9805: result: yes
configure:9805: checking for inttypes.h
configure:9805: gcc -c -g -O2 -pipe -D_REENTRANT -D_GNU_SOURCE -D_FILE_OFFSET_BITS=64 -fPIC  -fno-strict-aliasing -ffloat-store -mieee-fp  conftest.c >&5
configure:9805: $? = 0
configure:9805: result: yes
configure:9805: checking for stdint.h
configure:9805: gcc -c -g -O2 -pipe -D_REENTRANT -D_GNU_SOURCE -D_FILE_OFFSET_BITS=64 -fPIC  -fno-strict-aliasing -ffloat-store -mieee-fp  conftest.c >&5
configure:9805: $? = 0
configure:9805: result: yes
configure:9805: checking for unistd.h
configure:9805: gcc -c -g -O2 -pipe -D_REENTRANT -D_GNU_SOURCE -D_FILE_OFFSET_BITS=64 -fPIC  -fno-strict-aliasing -ffloat-store -mieee-fp  conftest.c >&5
configure:9805: $? = 0
configure:9805: result: yes
configure:9821: checking size of void *
configure:9826: gcc -o conftest -g -O2 -pipe -D_REENTRANT -D_GNU_SOURCE -D_FILE_OFFSET_BITS=64 -fPIC  -fno-strict-aliasing -ffloat-store -mieee-fp   conftest.c -ldl -lm -lpthread -lrt >&5
configure:9826: $? = 0
configure:9826: ./conftest
configure:9826: $? = 0
configure:9840: result: 8
configure:9854: checking size of short
configure:9859: gcc -o conftest -g -O2 -pipe -D_REENTRANT -D_GNU_SOURCE -D_FILE_OFFSET_BITS=64 -fPIC  -fno-strict-aliasing -ffloat-store -mieee-fp   conftest.c -ldl -lm -lpthread -lrt >&5
configure:9859: $? = 0
configure:9859: ./conftest
configure:9859: $? = 0
configure:9873: result: 2
configure:9891: checking size of int
configure:9896: gcc -o conftest -g -O2 -pipe -D_REENTRANT -D_GNU_SOURCE -D_FILE_OFFSET_BITS=64 -fPIC  -fno-strict-aliasing -ffloat-store -mieee-fp   conftest.c -ldl -lm -lpthread -lrt >&5
configure:9896: $? = 0
configure:9896: ./conftest
configure:9896: $? = 0
configure:9910: result: 4
configure:9928: checking size of long
configure:9933: gcc -o conftest -g -O2 -pipe -D_REENTRANT -D_GNU_SOURCE -D_FILE_OFFSET_BITS=64 -fPIC  -fno-strict-aliasing -ffloat-store -mieee-fp   conftest.c -ldl -lm -lpthread -lrt >&5
configure:9933: $? = 0
configure:9933: ./conftest
configure:9933: $? = 0
configure:9947: result: 8
configure:9965: checking size of void *
configure:9984: result: 8
configure:10000: checking alignment of char
configure:10005: gcc -o conftest -g -O2 -pipe -D_REENTRANT -D_GNU_SOURCE -D_FILE_OFFSET_BITS=64 -fPIC  -fno-strict-aliasing -ffloat-store -mieee-fp   conftest.c -ldl -lm -lpthread -lrt >&5
configure:10005: $? = 0
configure:10005: ./conftest
configure:10005: $? = 0
configure:10023: result: 1
configure:10035: checking alignment of short
configure:10040: gcc -o conftest -g -O2 -pipe -D_REENTRANT -D_GNU_SOURCE -D_FILE_OFFSET_BITS=64 -fPIC  -fno-strict-aliasing -ffloat-store -mieee-fp   conftest.c -ldl -lm -lpthread -lrt >&5
configure:10040: $? = 0
configure:10040: ./conftest
configure:10040: $? = 0
configure:10058: result: 2
configure:10070: checking alignment of int
configure:10075: gcc -o conftest -g -O2 -pipe -D_REENTRANT -D_GNU_SOURCE -D_FILE_OFFSET_BITS=64 -fPIC  -fno-strict-aliasing -ffloat-store -mieee-fp   conftest.c -ldl -lm -lpthread -lrt >&5
configure:10075: $? = 0
configure:10075: ./conftest
configure:10075: $? = 0
configure:10093: result: 4
configure:10105: checking alignment of long
configure:10110: gcc -o conftest -g -O2 -pipe -D_REENTRANT -D_GNU_SOURCE -D_FILE_OFFSET_BITS=64 -fPIC  -fno-strict-aliasing -ffloat-store -mieee-fp   conftest.c -ldl -lm -lpthread -lrt >&5
configure:10110: $? = 0
configure:10110: ./conftest
configure:10110: $? = 0
configure:10128: result: 8
configure:10140: checking alignment of long long
configure:10145: gcc -o conftest -g -O2 -pipe -D_REENTRANT -D_GNU_SOURCE -D_FILE_OFFSET_BITS=64 -fPIC  -fno-strict-aliasing -ffloat-store -mieee-fp   conftest.c -ldl -lm -lpthread -lrt >&5
configure:10145: $? = 0
configure:10145: ./conftest
configure:10145: $? = 0
configure:10163: result: 8
configure:10175: checking alignment of float
configure:10180: gcc -o conftest -g -O2 -pipe -D_REENTRANT -D_GNU_SOURCE -D_FILE_OFFSET_BITS=64 -fPIC  -fno-strict-aliasing -ffloat-store -mieee-fp   conftest.c -ldl -lm -lpthread -lrt >&5
configure:10180: $? = 0
configure:10180: ./conftest
configure:10180: $? = 0
configure:10198: result: 4
configure:10210: checking alignment of double
configure:10215: gcc -o conftest -g -O2 -pipe -D_REENTRANT -D_GNU_SOURCE -D_FILE_OFFSET_BITS=64 -fPIC  -fno-strict-aliasing -ffloat-store -mieee-fp   conftest.c -ldl -lm -lpthread -lrt >&5
configure:10215: $? = 0
configure:10215: ./conftest
configure:10215: $? = 0
configure:10233: result: 8
configure:10245: checking alignment of void *
configure:10250: gcc -o conftest -g -O2 -pipe -D_REENTRANT -D_GNU_SOURCE -D_FILE_OFFSET_BITS=64 -fPIC  -fno-strict-aliasing -ffloat-store -mieee-fp   conftest.c -ldl -lm -lpthread -lrt >&5
configure:10250: $? = 0
configure:10250: ./conftest
configure:10250: $? = 0
configure:10268: result: 8
configure:10279: checking for log2 sizeof word
configure:10291: result: 3
configure:10302: checking size of long long
configure:10307: gcc -o conftest -g -O2 -pipe -D_REENTRANT -D_GNU_SOURCE -D_FILE_OFFSET_BITS=64 -fPIC  -fno-strict-aliasing -ffloat-store -mieee-fp   conftest.c -ldl -lm -lpthread -lrt >&5
configure:10307: $? = 0
configure:10307: ./conftest
configure:10307: $? = 0
configure:10321: result: 8
configure:10339: checking size of __int64
configure:10344: gcc -o conftest -g -O2 -pipe -D_REENTRANT -D_GNU_SOURCE -D_FILE_OFFSET_BITS=64 -fPIC  -fno-strict-aliasing -ffloat-store -mieee-fp   conftest.c -ldl -lm -lpthread -lrt >&5
conftest.c: In function 'longval':
conftest.c:108:57: error: '__int64' undeclared (first use in this function)
 static long int longval () { return (long int) (sizeof (__int64)); }
                                                         ^~~~~~~
conftest.c:108:57: note: each undeclared identifier is reported only once for each function it appears in
conftest.c: In function 'ulongval':
conftest.c:109:67: error: '__int64' undeclared (first use in this function)
 static unsigned long int ulongval () { return (long int) (sizeof (__int64)); }
                                                                   ^~~~~~~
conftest.c: In function 'main':
conftest.c:119:28: error: '__int64' undeclared (first use in this function)
   if (((long int) (sizeof (__int64))) < 0)
                            ^~~~~~~
configure:10344: $? = 1
configure: program exited with status 1
configure: failed program was:
| /* confdefs.h */
| #define PACKAGE_NAME ""
| #define PACKAGE_TARNAME ""
| #define PACKAGE_VERSION ""
| #define PACKAGE_STRING ""
| #define PACKAGE_BUGREPORT ""
| #define PACKAGE_URL ""
| #define SP_NEW_DBG_POLICY 1
| #define SICSTUS_RELEASE_BUILD 1
| #define SICSTUS_MAJOR_VERSION 4
| #define SICSTUS_MINOR_VERSION 3
| #define SICSTUS_REVISION_VERSION 3
| #define SICSTUS_BETA_VERSION 0
| #define SICSTUS_VERSION_STRING "4.3.3"
| #define SICSTUS_VERSION  40303
| #define SP_GET_DISPATCH_NAME  SP_get_dispatch_40303
| #define SP_CLAUSE_ISO_BODY 1
| #define SP_CLAUSE_ISO_BODY_NO_META_ARGUMENT_WRAPPING 1
| #define RTKERNEL_INSTANCE_TEMPLATE_STRING "libsprt4-3-3-instance-XX"
| #define RELEASE_YEAR 2016
| #define HAVE_LINUX_PROC_SELF_EXE 1
| #define SETITIMER_EARLY 1
| #define FLI_APPLY_ASM_SYSV_ABI_X86_64 1
| #define SP_X64 1
| #define SP_HUGEPAGES 1
| #define SP_HUGEPAGES_DEFAULT 0
| #define HAVE_PROC_SELF_FD 1
| #define SP_NO_MULTI_SP_FEATURE 0
| #define SP_JIT_ABI_STRING "linuxx64"
| #define SP_JIT_PRELOAD_FAIL_STRING "none"
| #define SP_JIT_USE_LQ_STQ_STRING "no"
| #define SP_RTSYS_DIRNAME "sp-4.3.3"
| #define SP_EMULATOR_DIRNAME "sicstus-4.3.3"
| #define SPCDECL 
| #define SHSFX "so"
| #define FLI_SHSFX "so"
| #define RTKERNEL_BASENAME_SANS_SUFFIX_STRING "libsprt4-3-3"
| #define RTKERNEL_BASENAME_WITH_DSO_SUFFIX_STRING "libsprt4-3-3.so"
| #define SHPRE "lib"
| #define SYSTEM_NAME "x86_64-linux-glibc2.23"
| #define SOLARIS_THREADS 0
| #define POSIX_SIGNALS 1
| #define ENABLE_CLPFD 1
| #define STDC_HEADERS 1
| #define HAVE_SYS_TYPES_H 1
| #define HAVE_SYS_STAT_H 1
| #define HAVE_STDLIB_H 1
| #define HAVE_STRING_H 1
| #define HAVE_MEMORY_H 1
| #define HAVE_STRINGS_H 1
| #define HAVE_INTTYPES_H 1
| #define HAVE_STDINT_H 1
| #define HAVE_UNISTD_H 1
| #define SIZEOF_VOID_P 8
| #define SIZEOF_SHORT 2
| #define SP_SIZEOF_SHORT 2
| #define SIZEOF_INT 4
| #define SP_SIZEOF_INT 4
| #define SIZEOF_LONG 8
| #define SP_SIZEOF_LONG 8
| #define SIZEOF_VOID_P 8
| #define SP_SIZEOF_VOID_P 8
| #define ALIGNOF_CHAR 1
| #define ALIGNOF_SHORT 2
| #define ALIGNOF_INT 4
| #define ALIGNOF_LONG 8
| #define ALIGNOF_LONG_LONG 8
| #define ALIGNOF_FLOAT 4
| #define ALIGNOF_DOUBLE 8
| #define ALIGNOF_VOID_P 8
| #define LogSizeOfWord 3
| #define SIZEOF_LONG_LONG 8
| #define SP_SIZEOF_LONG_LONG 8
| /* end confdefs.h.  */
| #include <stdio.h>
| #ifdef HAVE_SYS_TYPES_H
| # include <sys/types.h>
| #endif
| #ifdef HAVE_SYS_STAT_H
| # include <sys/stat.h>
| #endif
| #ifdef STDC_HEADERS
| # include <stdlib.h>
| # include <stddef.h>
| #else
| # ifdef HAVE_STDLIB_H
| #  include <stdlib.h>
| # endif
| #endif
| #ifdef HAVE_STRING_H
| # if !defined STDC_HEADERS && defined HAVE_MEMORY_H
| #  include <memory.h>
| # endif
| # include <string.h>
| #endif
| #ifdef HAVE_STRINGS_H
| # include <strings.h>
| #endif
| #ifdef HAVE_INTTYPES_H
| # include <inttypes.h>
| #endif
| #ifdef HAVE_STDINT_H
| # include <stdint.h>
| #endif
| #ifdef HAVE_UNISTD_H
| # include <unistd.h>
| #endif
| static long int longval () { return (long int) (sizeof (__int64)); }
| static unsigned long int ulongval () { return (long int) (sizeof (__int64)); }
| #include <stdio.h>
| #include <stdlib.h>
| int
| main ()
| {
| 
|   FILE *f = fopen ("conftest.val", "w");
|   if (! f)
|     return 1;
|   if (((long int) (sizeof (__int64))) < 0)
|     {
|       long int i = longval ();
|       if (i != ((long int) (sizeof (__int64))))
| 	return 1;
|       fprintf (f, "%ld", i);
|     }
|   else
|     {
|       unsigned long int i = ulongval ();
|       if (i != ((long int) (sizeof (__int64))))
| 	return 1;
|       fprintf (f, "%lu", i);
|     }
|   /* Do not output a trailing newline, as this causes \r\n confusion
|      on some platforms.  */
|   return ferror (f) || fclose (f) != 0;
| 
|   ;
|   return 0;
| }
configure:10358: result: 0
configure:10372: checking whether byte ordering is bigendian
configure:10387: gcc -c -g -O2 -pipe -D_REENTRANT -D_GNU_SOURCE -D_FILE_OFFSET_BITS=64 -fPIC  -fno-strict-aliasing -ffloat-store -mieee-fp  conftest.c >&5
conftest.c:78:9: error: unknown type name 'not'
         not a universal capable compiler
         ^~~
conftest.c:78:15: error: expected '=', ',', ';', 'asm' or '__attribute__' before 'universal'
         not a universal capable compiler
               ^~~~~~~~~
conftest.c:78:15: error: unknown type name 'universal'
configure:10387: $? = 1
configure: failed program was:
| /* confdefs.h */
| #define PACKAGE_NAME ""
| #define PACKAGE_TARNAME ""
| #define PACKAGE_VERSION ""
| #define PACKAGE_STRING ""
| #define PACKAGE_BUGREPORT ""
| #define PACKAGE_URL ""
| #define SP_NEW_DBG_POLICY 1
| #define SICSTUS_RELEASE_BUILD 1
| #define SICSTUS_MAJOR_VERSION 4
| #define SICSTUS_MINOR_VERSION 3
| #define SICSTUS_REVISION_VERSION 3
| #define SICSTUS_BETA_VERSION 0
| #define SICSTUS_VERSION_STRING "4.3.3"
| #define SICSTUS_VERSION  40303
| #define SP_GET_DISPATCH_NAME  SP_get_dispatch_40303
| #define SP_CLAUSE_ISO_BODY 1
| #define SP_CLAUSE_ISO_BODY_NO_META_ARGUMENT_WRAPPING 1
| #define RTKERNEL_INSTANCE_TEMPLATE_STRING "libsprt4-3-3-instance-XX"
| #define RELEASE_YEAR 2016
| #define HAVE_LINUX_PROC_SELF_EXE 1
| #define SETITIMER_EARLY 1
| #define FLI_APPLY_ASM_SYSV_ABI_X86_64 1
| #define SP_X64 1
| #define SP_HUGEPAGES 1
| #define SP_HUGEPAGES_DEFAULT 0
| #define HAVE_PROC_SELF_FD 1
| #define SP_NO_MULTI_SP_FEATURE 0
| #define SP_JIT_ABI_STRING "linuxx64"
| #define SP_JIT_PRELOAD_FAIL_STRING "none"
| #define SP_JIT_USE_LQ_STQ_STRING "no"
| #define SP_RTSYS_DIRNAME "sp-4.3.3"
| #define SP_EMULATOR_DIRNAME "sicstus-4.3.3"
| #define SPCDECL 
| #define SHSFX "so"
| #define FLI_SHSFX "so"
| #define RTKERNEL_BASENAME_SANS_SUFFIX_STRING "libsprt4-3-3"
| #define RTKERNEL_BASENAME_WITH_DSO_SUFFIX_STRING "libsprt4-3-3.so"
| #define SHPRE "lib"
| #define SYSTEM_NAME "x86_64-linux-glibc2.23"
| #define SOLARIS_THREADS 0
| #define POSIX_SIGNALS 1
| #define ENABLE_CLPFD 1
| #define STDC_HEADERS 1
| #define HAVE_SYS_TYPES_H 1
| #define HAVE_SYS_STAT_H 1
| #define HAVE_STDLIB_H 1
| #define HAVE_STRING_H 1
| #define HAVE_MEMORY_H 1
| #define HAVE_STRINGS_H 1
| #define HAVE_INTTYPES_H 1
| #define HAVE_STDINT_H 1
| #define HAVE_UNISTD_H 1
| #define SIZEOF_VOID_P 8
| #define SIZEOF_SHORT 2
| #define SP_SIZEOF_SHORT 2
| #define SIZEOF_INT 4
| #define SP_SIZEOF_INT 4
| #define SIZEOF_LONG 8
| #define SP_SIZEOF_LONG 8
| #define SIZEOF_VOID_P 8
| #define SP_SIZEOF_VOID_P 8
| #define ALIGNOF_CHAR 1
| #define ALIGNOF_SHORT 2
| #define ALIGNOF_INT 4
| #define ALIGNOF_LONG 8
| #define ALIGNOF_LONG_LONG 8
| #define ALIGNOF_FLOAT 4
| #define ALIGNOF_DOUBLE 8
| #define ALIGNOF_VOID_P 8
| #define LogSizeOfWord 3
| #define SIZEOF_LONG_LONG 8
| #define SP_SIZEOF_LONG_LONG 8
| #define SIZEOF___INT64 0
| #define SP_SIZEOF___INT64 0
| /* end confdefs.h.  */
| #ifndef __APPLE_CC__
| 	       not a universal capable compiler
| 	     #endif
| 	     typedef int dummy;
| 
configure:10432: gcc -c -g -O2 -pipe -D_REENTRANT -D_GNU_SOURCE -D_FILE_OFFSET_BITS=64 -fPIC  -fno-strict-aliasing -ffloat-store -mieee-fp  conftest.c >&5
configure:10432: $? = 0
configure:10450: gcc -c -g -O2 -pipe -D_REENTRANT -D_GNU_SOURCE -D_FILE_OFFSET_BITS=64 -fPIC  -fno-strict-aliasing -ffloat-store -mieee-fp  conftest.c >&5
conftest.c: In function 'main':
conftest.c:84:4: error: unknown type name 'not'
    not big endian
    ^~~
conftest.c:84:12: error: expected '=', ',', ';', 'asm' or '__attribute__' before 'endian'
    not big endian
            ^~~~~~
configure:10450: $? = 1
configure: failed program was:
| /* confdefs.h */
| #define PACKAGE_NAME ""
| #define PACKAGE_TARNAME ""
| #define PACKAGE_VERSION ""
| #define PACKAGE_STRING ""
| #define PACKAGE_BUGREPORT ""
| #define PACKAGE_URL ""
| #define SP_NEW_DBG_POLICY 1
| #define SICSTUS_RELEASE_BUILD 1
| #define SICSTUS_MAJOR_VERSION 4
| #define SICSTUS_MINOR_VERSION 3
| #define SICSTUS_REVISION_VERSION 3
| #define SICSTUS_BETA_VERSION 0
| #define SICSTUS_VERSION_STRING "4.3.3"
| #define SICSTUS_VERSION  40303
| #define SP_GET_DISPATCH_NAME  SP_get_dispatch_40303
| #define SP_CLAUSE_ISO_BODY 1
| #define SP_CLAUSE_ISO_BODY_NO_META_ARGUMENT_WRAPPING 1
| #define RTKERNEL_INSTANCE_TEMPLATE_STRING "libsprt4-3-3-instance-XX"
| #define RELEASE_YEAR 2016
| #define HAVE_LINUX_PROC_SELF_EXE 1
| #define SETITIMER_EARLY 1
| #define FLI_APPLY_ASM_SYSV_ABI_X86_64 1
| #define SP_X64 1
| #define SP_HUGEPAGES 1
| #define SP_HUGEPAGES_DEFAULT 0
| #define HAVE_PROC_SELF_FD 1
| #define SP_NO_MULTI_SP_FEATURE 0
| #define SP_JIT_ABI_STRING "linuxx64"
| #define SP_JIT_PRELOAD_FAIL_STRING "none"
| #define SP_JIT_USE_LQ_STQ_STRING "no"
| #define SP_RTSYS_DIRNAME "sp-4.3.3"
| #define SP_EMULATOR_DIRNAME "sicstus-4.3.3"
| #define SPCDECL 
| #define SHSFX "so"
| #define FLI_SHSFX "so"
| #define RTKERNEL_BASENAME_SANS_SUFFIX_STRING "libsprt4-3-3"
| #define RTKERNEL_BASENAME_WITH_DSO_SUFFIX_STRING "libsprt4-3-3.so"
| #define SHPRE "lib"
| #define SYSTEM_NAME "x86_64-linux-glibc2.23"
| #define SOLARIS_THREADS 0
| #define POSIX_SIGNALS 1
| #define ENABLE_CLPFD 1
| #define STDC_HEADERS 1
| #define HAVE_SYS_TYPES_H 1
| #define HAVE_SYS_STAT_H 1
| #define HAVE_STDLIB_H 1
| #define HAVE_STRING_H 1
| #define HAVE_MEMORY_H 1
| #define HAVE_STRINGS_H 1
| #define HAVE_INTTYPES_H 1
| #define HAVE_STDINT_H 1
| #define HAVE_UNISTD_H 1
| #define SIZEOF_VOID_P 8
| #define SIZEOF_SHORT 2
| #define SP_SIZEOF_SHORT 2
| #define SIZEOF_INT 4
| #define SP_SIZEOF_INT 4
| #define SIZEOF_LONG 8
| #define SP_SIZEOF_LONG 8
| #define SIZEOF_VOID_P 8
| #define SP_SIZEOF_VOID_P 8
| #define ALIGNOF_CHAR 1
| #define ALIGNOF_SHORT 2
| #define ALIGNOF_INT 4
| #define ALIGNOF_LONG 8
| #define ALIGNOF_LONG_LONG 8
| #define ALIGNOF_FLOAT 4
| #define ALIGNOF_DOUBLE 8
| #define ALIGNOF_VOID_P 8
| #define LogSizeOfWord 3
| #define SIZEOF_LONG_LONG 8
| #define SP_SIZEOF_LONG_LONG 8
| #define SIZEOF___INT64 0
| #define SP_SIZEOF___INT64 0
| /* end confdefs.h.  */
| #include <sys/types.h>
| 		#include <sys/param.h>
| 
| int
| main ()
| {
| #if BYTE_ORDER != BIG_ENDIAN
| 		 not big endian
| 		#endif
| 
|   ;
|   return 0;
| }
configure:10578: result: no
configure:10613: checking for X
configure:10721: gcc -E  conftest.c
conftest.c:77:22: fatal error: X11/Xlib.h: No such file or directory
 #include <X11/Xlib.h>
                      ^
compilation terminated.
configure:10721: $? = 1
configure: failed program was:
| /* confdefs.h */
| #define PACKAGE_NAME ""
| #define PACKAGE_TARNAME ""
| #define PACKAGE_VERSION ""
| #define PACKAGE_STRING ""
| #define PACKAGE_BUGREPORT ""
| #define PACKAGE_URL ""
| #define SP_NEW_DBG_POLICY 1
| #define SICSTUS_RELEASE_BUILD 1
| #define SICSTUS_MAJOR_VERSION 4
| #define SICSTUS_MINOR_VERSION 3
| #define SICSTUS_REVISION_VERSION 3
| #define SICSTUS_BETA_VERSION 0
| #define SICSTUS_VERSION_STRING "4.3.3"
| #define SICSTUS_VERSION  40303
| #define SP_GET_DISPATCH_NAME  SP_get_dispatch_40303
| #define SP_CLAUSE_ISO_BODY 1
| #define SP_CLAUSE_ISO_BODY_NO_META_ARGUMENT_WRAPPING 1
| #define RTKERNEL_INSTANCE_TEMPLATE_STRING "libsprt4-3-3-instance-XX"
| #define RELEASE_YEAR 2016
| #define HAVE_LINUX_PROC_SELF_EXE 1
| #define SETITIMER_EARLY 1
| #define FLI_APPLY_ASM_SYSV_ABI_X86_64 1
| #define SP_X64 1
| #define SP_HUGEPAGES 1
| #define SP_HUGEPAGES_DEFAULT 0
| #define HAVE_PROC_SELF_FD 1
| #define SP_NO_MULTI_SP_FEATURE 0
| #define SP_JIT_ABI_STRING "linuxx64"
| #define SP_JIT_PRELOAD_FAIL_STRING "none"
| #define SP_JIT_USE_LQ_STQ_STRING "no"
| #define SP_RTSYS_DIRNAME "sp-4.3.3"
| #define SP_EMULATOR_DIRNAME "sicstus-4.3.3"
| #define SPCDECL 
| #define SHSFX "so"
| #define FLI_SHSFX "so"
| #define RTKERNEL_BASENAME_SANS_SUFFIX_STRING "libsprt4-3-3"
| #define RTKERNEL_BASENAME_WITH_DSO_SUFFIX_STRING "libsprt4-3-3.so"
| #define SHPRE "lib"
| #define SYSTEM_NAME "x86_64-linux-glibc2.23"
| #define SOLARIS_THREADS 0
| #define POSIX_SIGNALS 1
| #define ENABLE_CLPFD 1
| #define STDC_HEADERS 1
| #define HAVE_SYS_TYPES_H 1
| #define HAVE_SYS_STAT_H 1
| #define HAVE_STDLIB_H 1
| #define HAVE_STRING_H 1
| #define HAVE_MEMORY_H 1
| #define HAVE_STRINGS_H 1
| #define HAVE_INTTYPES_H 1
| #define HAVE_STDINT_H 1
| #define HAVE_UNISTD_H 1
| #define SIZEOF_VOID_P 8
| #define SIZEOF_SHORT 2
| #define SP_SIZEOF_SHORT 2
| #define SIZEOF_INT 4
| #define SP_SIZEOF_INT 4
| #define SIZEOF_LONG 8
| #define SP_SIZEOF_LONG 8
| #define SIZEOF_VOID_P 8
| #define SP_SIZEOF_VOID_P 8
| #define ALIGNOF_CHAR 1
| #define ALIGNOF_SHORT 2
| #define ALIGNOF_INT 4
| #define ALIGNOF_LONG 8
| #define ALIGNOF_LONG_LONG 8
| #define ALIGNOF_FLOAT 4
| #define ALIGNOF_DOUBLE 8
| #define ALIGNOF_VOID_P 8
| #define LogSizeOfWord 3
| #define SIZEOF_LONG_LONG 8
| #define SP_SIZEOF_LONG_LONG 8
| #define SIZEOF___INT64 0
| #define SP_SIZEOF___INT64 0
| /* end confdefs.h.  */
| #include <X11/Xlib.h>
configure:10752: gcc -o conftest -g -O2 -pipe -D_REENTRANT -D_GNU_SOURCE -D_FILE_OFFSET_BITS=64 -fPIC  -fno-strict-aliasing -ffloat-store -mieee-fp   conftest.c -lX11 -ldl -lm -lpthread -lrt >&5
conftest.c:77:22: fatal error: X11/Xlib.h: No such file or directory
 #include <X11/Xlib.h>
                      ^
compilation terminated.
configure:10752: $? = 1
configure: failed program was:
| /* confdefs.h */
| #define PACKAGE_NAME ""
| #define PACKAGE_TARNAME ""
| #define PACKAGE_VERSION ""
| #define PACKAGE_STRING ""
| #define PACKAGE_BUGREPORT ""
| #define PACKAGE_URL ""
| #define SP_NEW_DBG_POLICY 1
| #define SICSTUS_RELEASE_BUILD 1
| #define SICSTUS_MAJOR_VERSION 4
| #define SICSTUS_MINOR_VERSION 3
| #define SICSTUS_REVISION_VERSION 3
| #define SICSTUS_BETA_VERSION 0
| #define SICSTUS_VERSION_STRING "4.3.3"
| #define SICSTUS_VERSION  40303
| #define SP_GET_DISPATCH_NAME  SP_get_dispatch_40303
| #define SP_CLAUSE_ISO_BODY 1
| #define SP_CLAUSE_ISO_BODY_NO_META_ARGUMENT_WRAPPING 1
| #define RTKERNEL_INSTANCE_TEMPLATE_STRING "libsprt4-3-3-instance-XX"
| #define RELEASE_YEAR 2016
| #define HAVE_LINUX_PROC_SELF_EXE 1
| #define SETITIMER_EARLY 1
| #define FLI_APPLY_ASM_SYSV_ABI_X86_64 1
| #define SP_X64 1
| #define SP_HUGEPAGES 1
| #define SP_HUGEPAGES_DEFAULT 0
| #define HAVE_PROC_SELF_FD 1
| #define SP_NO_MULTI_SP_FEATURE 0
| #define SP_JIT_ABI_STRING "linuxx64"
| #define SP_JIT_PRELOAD_FAIL_STRING "none"
| #define SP_JIT_USE_LQ_STQ_STRING "no"
| #define SP_RTSYS_DIRNAME "sp-4.3.3"
| #define SP_EMULATOR_DIRNAME "sicstus-4.3.3"
| #define SPCDECL 
| #define SHSFX "so"
| #define FLI_SHSFX "so"
| #define RTKERNEL_BASENAME_SANS_SUFFIX_STRING "libsprt4-3-3"
| #define RTKERNEL_BASENAME_WITH_DSO_SUFFIX_STRING "libsprt4-3-3.so"
| #define SHPRE "lib"
| #define SYSTEM_NAME "x86_64-linux-glibc2.23"
| #define SOLARIS_THREADS 0
| #define POSIX_SIGNALS 1
| #define ENABLE_CLPFD 1
| #define STDC_HEADERS 1
| #define HAVE_SYS_TYPES_H 1
| #define HAVE_SYS_STAT_H 1
| #define HAVE_STDLIB_H 1
| #define HAVE_STRING_H 1
| #define HAVE_MEMORY_H 1
| #define HAVE_STRINGS_H 1
| #define HAVE_INTTYPES_H 1
| #define HAVE_STDINT_H 1
| #define HAVE_UNISTD_H 1
| #define SIZEOF_VOID_P 8
| #define SIZEOF_SHORT 2
| #define SP_SIZEOF_SHORT 2
| #define SIZEOF_INT 4
| #define SP_SIZEOF_INT 4
| #define SIZEOF_LONG 8
| #define SP_SIZEOF_LONG 8
| #define SIZEOF_VOID_P 8
| #define SP_SIZEOF_VOID_P 8
| #define ALIGNOF_CHAR 1
| #define ALIGNOF_SHORT 2
| #define ALIGNOF_INT 4
| #define ALIGNOF_LONG 8
| #define ALIGNOF_LONG_LONG 8
| #define ALIGNOF_FLOAT 4
| #define ALIGNOF_DOUBLE 8
| #define ALIGNOF_VOID_P 8
| #define LogSizeOfWord 3
| #define SIZEOF_LONG_LONG 8
| #define SP_SIZEOF_LONG_LONG 8
| #define SIZEOF___INT64 0
| #define SP_SIZEOF___INT64 0
| /* end confdefs.h.  */
| #include <X11/Xlib.h>
| int
| main ()
| {
| XrmInitialize ()
|   ;
|   return 0;
| }
configure:10791: result: no
configure:11314: checking required Berkeley DB version
configure:11316: result: 5.3.21
configure:11336: checking whether to use Berkeley DB
configure:11400: result: yes
configure:11707: checking whether BDB was successfully configured
configure:11714: result: no
configure:12030: checking for strnlen
configure:12030: gcc -o conftest -g -O2 -pipe -D_REENTRANT -D_GNU_SOURCE -D_FILE_OFFSET_BITS=64 -fPIC  -fno-strict-aliasing -ffloat-store -mieee-fp   conftest.c -ldl -lm -lpthread -lrt >&5
configure:12030: $? = 0
configure:12030: result: yes
configure:12041: checking whether to use ODBC
configure:12107: result: yes, if possible
configure:12114: checking for ODBC support
configure:12170: checking for SQLAllocHandle in -lodbc
configure:12195: gcc -o conftest -g -O2 -pipe -D_REENTRANT -D_GNU_SOURCE -D_FILE_OFFSET_BITS=64 -fPIC  -fno-strict-aliasing -ffloat-store -mieee-fp   conftest.c -lodbc  -ldl -lm -lpthread -lrt >&5
configure:12195: $? = 0
configure:12204: result: yes
configure:12283: checking for Java support
configure:12310: result: enabled
configure:12323: checking whether SICStus should use Java JNI
configure:12340: result: yes
configure:12591: checking for path to Java
configure:12594: result: /usr/local/jdk
configure:12603: checking for java executables
configure:12605: result: 
configure:12615: checking for java
configure:12633: found /usr/bin/java
configure:12645: result: /usr/bin/java
configure:12656: checking for javac
configure:12674: found /usr/bin/javac
configure:12686: result: /usr/bin/javac
configure:12697: checking for javah
configure:12715: found /usr/bin/javah
configure:12727: result: /usr/bin/javah
configure:12738: checking for javadoc
configure:12756: found /usr/bin/javadoc
configure:12769: result: /usr/bin/javadoc
configure:12780: checking for jar
configure:12798: found /usr/bin/jar
configure:12811: result: /usr/bin/jar
configure:12838: checking whether java supports the -native argument
configure:12853: result: yes (-native)
configure:12858: checking for arguments to /usr/bin/java
configure:12860: result: -native 
configure:12886: checking whether javac supports -target 1.6 flag
configure:12897: result: no
configure:12905: checking extra options to javac
configure:12914: result:   -encoding ISO-8859-1 -g 
configure:12930: checking for java include directory
configure:12941: result: not found
configure:13996: checking Tcl/Tk
configure:14317: checking Tcl/Tk install directories
configure:14327: result: yes (/usr/local)
configure:14345: checking tcl.h usability
configure:14345: gcc -c -g -O2 -pipe -D_REENTRANT -D_GNU_SOURCE -D_FILE_OFFSET_BITS=64 -fPIC  -fno-strict-aliasing -ffloat-store -mieee-fp  -I/usr/local/include   conftest.c >&5
conftest.c:112:17: fatal error: tcl.h: No such file or directory
 #include <tcl.h>
                 ^
compilation terminated.
configure:14345: $? = 1
configure: failed program was:
| /* confdefs.h */
| #define PACKAGE_NAME ""
| #define PACKAGE_TARNAME ""
| #define PACKAGE_VERSION ""
| #define PACKAGE_STRING ""
| #define PACKAGE_BUGREPORT ""
| #define PACKAGE_URL ""
| #define SP_NEW_DBG_POLICY 1
| #define SICSTUS_RELEASE_BUILD 1
| #define SICSTUS_MAJOR_VERSION 4
| #define SICSTUS_MINOR_VERSION 3
| #define SICSTUS_REVISION_VERSION 3
| #define SICSTUS_BETA_VERSION 0
| #define SICSTUS_VERSION_STRING "4.3.3"
| #define SICSTUS_VERSION  40303
| #define SP_GET_DISPATCH_NAME  SP_get_dispatch_40303
| #define SP_CLAUSE_ISO_BODY 1
| #define SP_CLAUSE_ISO_BODY_NO_META_ARGUMENT_WRAPPING 1
| #define RTKERNEL_INSTANCE_TEMPLATE_STRING "libsprt4-3-3-instance-XX"
| #define RELEASE_YEAR 2016
| #define HAVE_LINUX_PROC_SELF_EXE 1
| #define SETITIMER_EARLY 1
| #define FLI_APPLY_ASM_SYSV_ABI_X86_64 1
| #define SP_X64 1
| #define SP_HUGEPAGES 1
| #define SP_HUGEPAGES_DEFAULT 0
| #define HAVE_PROC_SELF_FD 1
| #define SP_NO_MULTI_SP_FEATURE 0
| #define SP_JIT_ABI_STRING "linuxx64"
| #define SP_JIT_PRELOAD_FAIL_STRING "none"
| #define SP_JIT_USE_LQ_STQ_STRING "no"
| #define SP_RTSYS_DIRNAME "sp-4.3.3"
| #define SP_EMULATOR_DIRNAME "sicstus-4.3.3"
| #define SPCDECL 
| #define SHSFX "so"
| #define FLI_SHSFX "so"
| #define RTKERNEL_BASENAME_SANS_SUFFIX_STRING "libsprt4-3-3"
| #define RTKERNEL_BASENAME_WITH_DSO_SUFFIX_STRING "libsprt4-3-3.so"
| #define SHPRE "lib"
| #define SYSTEM_NAME "x86_64-linux-glibc2.23"
| #define SOLARIS_THREADS 0
| #define POSIX_SIGNALS 1
| #define ENABLE_CLPFD 1
| #define STDC_HEADERS 1
| #define HAVE_SYS_TYPES_H 1
| #define HAVE_SYS_STAT_H 1
| #define HAVE_STDLIB_H 1
| #define HAVE_STRING_H 1
| #define HAVE_MEMORY_H 1
| #define HAVE_STRINGS_H 1
| #define HAVE_INTTYPES_H 1
| #define HAVE_STDINT_H 1
| #define HAVE_UNISTD_H 1
| #define SIZEOF_VOID_P 8
| #define SIZEOF_SHORT 2
| #define SP_SIZEOF_SHORT 2
| #define SIZEOF_INT 4
| #define SP_SIZEOF_INT 4
| #define SIZEOF_LONG 8
| #define SP_SIZEOF_LONG 8
| #define SIZEOF_VOID_P 8
| #define SP_SIZEOF_VOID_P 8
| #define ALIGNOF_CHAR 1
| #define ALIGNOF_SHORT 2
| #define ALIGNOF_INT 4
| #define ALIGNOF_LONG 8
| #define ALIGNOF_LONG_LONG 8
| #define ALIGNOF_FLOAT 4
| #define ALIGNOF_DOUBLE 8
| #define ALIGNOF_VOID_P 8
| #define LogSizeOfWord 3
| #define SIZEOF_LONG_LONG 8
| #define SP_SIZEOF_LONG_LONG 8
| #define SIZEOF___INT64 0
| #define SP_SIZEOF___INT64 0
| #define X_DISPLAY_MISSING 1
| #define HAVE_STRNLEN 1
| /* end confdefs.h.  */
| #include <stdio.h>
| #ifdef HAVE_SYS_TYPES_H
| # include <sys/types.h>
| #endif
| #ifdef HAVE_SYS_STAT_H
| # include <sys/stat.h>
| #endif
| #ifdef STDC_HEADERS
| # include <stdlib.h>
| # include <stddef.h>
| #else
| # ifdef HAVE_STDLIB_H
| #  include <stdlib.h>
| # endif
| #endif
| #ifdef HAVE_STRING_H
| # if !defined STDC_HEADERS && defined HAVE_MEMORY_H
| #  include <memory.h>
| # endif
| # include <string.h>
| #endif
| #ifdef HAVE_STRINGS_H
| # include <strings.h>
| #endif
| #ifdef HAVE_INTTYPES_H
| # include <inttypes.h>
| #endif
| #ifdef HAVE_STDINT_H
| # include <stdint.h>
| #endif
| #ifdef HAVE_UNISTD_H
| # include <unistd.h>
| #endif
| #include <tcl.h>
configure:14345: result: no
configure:14345: checking tcl.h presence
configure:14345: gcc -E  -I/usr/local/include   conftest.c
conftest.c:79:17: fatal error: tcl.h: No such file or directory
 #include <tcl.h>
                 ^
compilation terminated.
configure:14345: $? = 1
configure: failed program was:
| /* confdefs.h */
| #define PACKAGE_NAME ""
| #define PACKAGE_TARNAME ""
| #define PACKAGE_VERSION ""
| #define PACKAGE_STRING ""
| #define PACKAGE_BUGREPORT ""
| #define PACKAGE_URL ""
| #define SP_NEW_DBG_POLICY 1
| #define SICSTUS_RELEASE_BUILD 1
| #define SICSTUS_MAJOR_VERSION 4
| #define SICSTUS_MINOR_VERSION 3
| #define SICSTUS_REVISION_VERSION 3
| #define SICSTUS_BETA_VERSION 0
| #define SICSTUS_VERSION_STRING "4.3.3"
| #define SICSTUS_VERSION  40303
| #define SP_GET_DISPATCH_NAME  SP_get_dispatch_40303
| #define SP_CLAUSE_ISO_BODY 1
| #define SP_CLAUSE_ISO_BODY_NO_META_ARGUMENT_WRAPPING 1
| #define RTKERNEL_INSTANCE_TEMPLATE_STRING "libsprt4-3-3-instance-XX"
| #define RELEASE_YEAR 2016
| #define HAVE_LINUX_PROC_SELF_EXE 1
| #define SETITIMER_EARLY 1
| #define FLI_APPLY_ASM_SYSV_ABI_X86_64 1
| #define SP_X64 1
| #define SP_HUGEPAGES 1
| #define SP_HUGEPAGES_DEFAULT 0
| #define HAVE_PROC_SELF_FD 1
| #define SP_NO_MULTI_SP_FEATURE 0
| #define SP_JIT_ABI_STRING "linuxx64"
| #define SP_JIT_PRELOAD_FAIL_STRING "none"
| #define SP_JIT_USE_LQ_STQ_STRING "no"
| #define SP_RTSYS_DIRNAME "sp-4.3.3"
| #define SP_EMULATOR_DIRNAME "sicstus-4.3.3"
| #define SPCDECL 
| #define SHSFX "so"
| #define FLI_SHSFX "so"
| #define RTKERNEL_BASENAME_SANS_SUFFIX_STRING "libsprt4-3-3"
| #define RTKERNEL_BASENAME_WITH_DSO_SUFFIX_STRING "libsprt4-3-3.so"
| #define SHPRE "lib"
| #define SYSTEM_NAME "x86_64-linux-glibc2.23"
| #define SOLARIS_THREADS 0
| #define POSIX_SIGNALS 1
| #define ENABLE_CLPFD 1
| #define STDC_HEADERS 1
| #define HAVE_SYS_TYPES_H 1
| #define HAVE_SYS_STAT_H 1
| #define HAVE_STDLIB_H 1
| #define HAVE_STRING_H 1
| #define HAVE_MEMORY_H 1
| #define HAVE_STRINGS_H 1
| #define HAVE_INTTYPES_H 1
| #define HAVE_STDINT_H 1
| #define HAVE_UNISTD_H 1
| #define SIZEOF_VOID_P 8
| #define SIZEOF_SHORT 2
| #define SP_SIZEOF_SHORT 2
| #define SIZEOF_INT 4
| #define SP_SIZEOF_INT 4
| #define SIZEOF_LONG 8
| #define SP_SIZEOF_LONG 8
| #define SIZEOF_VOID_P 8
| #define SP_SIZEOF_VOID_P 8
| #define ALIGNOF_CHAR 1
| #define ALIGNOF_SHORT 2
| #define ALIGNOF_INT 4
| #define ALIGNOF_LONG 8
| #define ALIGNOF_LONG_LONG 8
| #define ALIGNOF_FLOAT 4
| #define ALIGNOF_DOUBLE 8
| #define ALIGNOF_VOID_P 8
| #define LogSizeOfWord 3
| #define SIZEOF_LONG_LONG 8
| #define SP_SIZEOF_LONG_LONG 8
| #define SIZEOF___INT64 0
| #define SP_SIZEOF___INT64 0
| #define X_DISPLAY_MISSING 1
| #define HAVE_STRNLEN 1
| /* end confdefs.h.  */
| #include <tcl.h>
configure:14345: result: no
configure:14345: checking for tcl.h
configure:14345: result: no
configure:14366: checking Tcl/Tk version
configure:14374: result: 8.5
configure:14437: checking for Tcl_Init in -ltcl8.5
configure:14462: gcc -o conftest -g -O2 -pipe -D_REENTRANT -D_GNU_SOURCE -D_FILE_OFFSET_BITS=64 -fPIC  -fno-strict-aliasing -ffloat-store -mieee-fp  -L/usr/local/lib   conftest.c -ltcl8.5   -lX11   -L/usr/local/lib  -ltk8.5 -ltcl8.5   -lX11   -ldl -lm -lpthread -lrt >&5
/usr/bin/ld: cannot find -ltcl8.5
/usr/bin/ld: cannot find -lX11
/usr/bin/ld: cannot find -ltk8.5
/usr/bin/ld: cannot find -ltcl8.5
/usr/bin/ld: cannot find -lX11
collect2: error: ld returned 1 exit status
configure:14462: $? = 1
configure: failed program was:
| /* confdefs.h */
| #define PACKAGE_NAME ""
| #define PACKAGE_TARNAME ""
| #define PACKAGE_VERSION ""
| #define PACKAGE_STRING ""
| #define PACKAGE_BUGREPORT ""
| #define PACKAGE_URL ""
| #define SP_NEW_DBG_POLICY 1
| #define SICSTUS_RELEASE_BUILD 1
| #define SICSTUS_MAJOR_VERSION 4
| #define SICSTUS_MINOR_VERSION 3
| #define SICSTUS_REVISION_VERSION 3
| #define SICSTUS_BETA_VERSION 0
| #define SICSTUS_VERSION_STRING "4.3.3"
| #define SICSTUS_VERSION  40303
| #define SP_GET_DISPATCH_NAME  SP_get_dispatch_40303
| #define SP_CLAUSE_ISO_BODY 1
| #define SP_CLAUSE_ISO_BODY_NO_META_ARGUMENT_WRAPPING 1
| #define RTKERNEL_INSTANCE_TEMPLATE_STRING "libsprt4-3-3-instance-XX"
| #define RELEASE_YEAR 2016
| #define HAVE_LINUX_PROC_SELF_EXE 1
| #define SETITIMER_EARLY 1
| #define FLI_APPLY_ASM_SYSV_ABI_X86_64 1
| #define SP_X64 1
| #define SP_HUGEPAGES 1
| #define SP_HUGEPAGES_DEFAULT 0
| #define HAVE_PROC_SELF_FD 1
| #define SP_NO_MULTI_SP_FEATURE 0
| #define SP_JIT_ABI_STRING "linuxx64"
| #define SP_JIT_PRELOAD_FAIL_STRING "none"
| #define SP_JIT_USE_LQ_STQ_STRING "no"
| #define SP_RTSYS_DIRNAME "sp-4.3.3"
| #define SP_EMULATOR_DIRNAME "sicstus-4.3.3"
| #define SPCDECL 
| #define SHSFX "so"
| #define FLI_SHSFX "so"
| #define RTKERNEL_BASENAME_SANS_SUFFIX_STRING "libsprt4-3-3"
| #define RTKERNEL_BASENAME_WITH_DSO_SUFFIX_STRING "libsprt4-3-3.so"
| #define SHPRE "lib"
| #define SYSTEM_NAME "x86_64-linux-glibc2.23"
| #define SOLARIS_THREADS 0
| #define POSIX_SIGNALS 1
| #define ENABLE_CLPFD 1
| #define STDC_HEADERS 1
| #define HAVE_SYS_TYPES_H 1
| #define HAVE_SYS_STAT_H 1
| #define HAVE_STDLIB_H 1
| #define HAVE_STRING_H 1
| #define HAVE_MEMORY_H 1
| #define HAVE_STRINGS_H 1
| #define HAVE_INTTYPES_H 1
| #define HAVE_STDINT_H 1
| #define HAVE_UNISTD_H 1
| #define SIZEOF_VOID_P 8
| #define SIZEOF_SHORT 2
| #define SP_SIZEOF_SHORT 2
| #define SIZEOF_INT 4
| #define SP_SIZEOF_INT 4
| #define SIZEOF_LONG 8
| #define SP_SIZEOF_LONG 8
| #define SIZEOF_VOID_P 8
| #define SP_SIZEOF_VOID_P 8
| #define ALIGNOF_CHAR 1
| #define ALIGNOF_SHORT 2
| #define ALIGNOF_INT 4
| #define ALIGNOF_LONG 8
| #define ALIGNOF_LONG_LONG 8
| #define ALIGNOF_FLOAT 4
| #define ALIGNOF_DOUBLE 8
| #define ALIGNOF_VOID_P 8
| #define LogSizeOfWord 3
| #define SIZEOF_LONG_LONG 8
| #define SP_SIZEOF_LONG_LONG 8
| #define SIZEOF___INT64 0
| #define SP_SIZEOF___INT64 0
| #define X_DISPLAY_MISSING 1
| #define HAVE_STRNLEN 1
| /* end confdefs.h.  */
| 
| /* Override any GCC internal prototype to avoid an error.
|    Use char because int might match the return type of a GCC
|    builtin and then its argument prototype would still apply.  */
| #ifdef __cplusplus
| extern "C"
| #endif
| char Tcl_Init ();
| int
| main ()
| {
| return Tcl_Init ();
|   ;
|   return 0;
| }
configure:14472: result: no
configure:14481: checking for Tk_Init in -ltk8.5
configure:14506: gcc -o conftest -g -O2 -pipe -D_REENTRANT -D_GNU_SOURCE -D_FILE_OFFSET_BITS=64 -fPIC  -fno-strict-aliasing -ffloat-store -mieee-fp  -L/usr/local/lib   conftest.c -ltk8.5   -lX11   -L/usr/local/lib  -ltk8.5 -ltcl8.5   -lX11   -ldl -lm -lpthread -lrt >&5
/usr/bin/ld: cannot find -ltk8.5
/usr/bin/ld: cannot find -lX11
/usr/bin/ld: cannot find -ltk8.5
/usr/bin/ld: cannot find -ltcl8.5
/usr/bin/ld: cannot find -lX11
collect2: error: ld returned 1 exit status
configure:14506: $? = 1
configure: failed program was:
| /* confdefs.h */
| #define PACKAGE_NAME ""
| #define PACKAGE_TARNAME ""
| #define PACKAGE_VERSION ""
| #define PACKAGE_STRING ""
| #define PACKAGE_BUGREPORT ""
| #define PACKAGE_URL ""
| #define SP_NEW_DBG_POLICY 1
| #define SICSTUS_RELEASE_BUILD 1
| #define SICSTUS_MAJOR_VERSION 4
| #define SICSTUS_MINOR_VERSION 3
| #define SICSTUS_REVISION_VERSION 3
| #define SICSTUS_BETA_VERSION 0
| #define SICSTUS_VERSION_STRING "4.3.3"
| #define SICSTUS_VERSION  40303
| #define SP_GET_DISPATCH_NAME  SP_get_dispatch_40303
| #define SP_CLAUSE_ISO_BODY 1
| #define SP_CLAUSE_ISO_BODY_NO_META_ARGUMENT_WRAPPING 1
| #define RTKERNEL_INSTANCE_TEMPLATE_STRING "libsprt4-3-3-instance-XX"
| #define RELEASE_YEAR 2016
| #define HAVE_LINUX_PROC_SELF_EXE 1
| #define SETITIMER_EARLY 1
| #define FLI_APPLY_ASM_SYSV_ABI_X86_64 1
| #define SP_X64 1
| #define SP_HUGEPAGES 1
| #define SP_HUGEPAGES_DEFAULT 0
| #define HAVE_PROC_SELF_FD 1
| #define SP_NO_MULTI_SP_FEATURE 0
| #define SP_JIT_ABI_STRING "linuxx64"
| #define SP_JIT_PRELOAD_FAIL_STRING "none"
| #define SP_JIT_USE_LQ_STQ_STRING "no"
| #define SP_RTSYS_DIRNAME "sp-4.3.3"
| #define SP_EMULATOR_DIRNAME "sicstus-4.3.3"
| #define SPCDECL 
| #define SHSFX "so"
| #define FLI_SHSFX "so"
| #define RTKERNEL_BASENAME_SANS_SUFFIX_STRING "libsprt4-3-3"
| #define RTKERNEL_BASENAME_WITH_DSO_SUFFIX_STRING "libsprt4-3-3.so"
| #define SHPRE "lib"
| #define SYSTEM_NAME "x86_64-linux-glibc2.23"
| #define SOLARIS_THREADS 0
| #define POSIX_SIGNALS 1
| #define ENABLE_CLPFD 1
| #define STDC_HEADERS 1
| #define HAVE_SYS_TYPES_H 1
| #define HAVE_SYS_STAT_H 1
| #define HAVE_STDLIB_H 1
| #define HAVE_STRING_H 1
| #define HAVE_MEMORY_H 1
| #define HAVE_STRINGS_H 1
| #define HAVE_INTTYPES_H 1
| #define HAVE_STDINT_H 1
| #define HAVE_UNISTD_H 1
| #define SIZEOF_VOID_P 8
| #define SIZEOF_SHORT 2
| #define SP_SIZEOF_SHORT 2
| #define SIZEOF_INT 4
| #define SP_SIZEOF_INT 4
| #define SIZEOF_LONG 8
| #define SP_SIZEOF_LONG 8
| #define SIZEOF_VOID_P 8
| #define SP_SIZEOF_VOID_P 8
| #define ALIGNOF_CHAR 1
| #define ALIGNOF_SHORT 2
| #define ALIGNOF_INT 4
| #define ALIGNOF_LONG 8
| #define ALIGNOF_LONG_LONG 8
| #define ALIGNOF_FLOAT 4
| #define ALIGNOF_DOUBLE 8
| #define ALIGNOF_VOID_P 8
| #define LogSizeOfWord 3
| #define SIZEOF_LONG_LONG 8
| #define SP_SIZEOF_LONG_LONG 8
| #define SIZEOF___INT64 0
| #define SP_SIZEOF___INT64 0
| #define X_DISPLAY_MISSING 1
| #define HAVE_STRNLEN 1
| /* end confdefs.h.  */
| 
| /* Override any GCC internal prototype to avoid an error.
|    Use char because int might match the return type of a GCC
|    builtin and then its argument prototype would still apply.  */
| #ifdef __cplusplus
| extern "C"
| #endif
| char Tk_Init ();
| int
| main ()
| {
| return Tk_Init ();
|   ;
|   return 0;
| }
configure:14516: result: no
configure:14618: checking Tcl/Tk configuration results
configure:14635: result: failed
configure:14689: checking if paths to third-party libraries should be embedded in the sicstus development system
configure:14700: result: no
configure:14741: checking for extra spld flags for SICStus development system
configure:14747: result: none
configure:14754: checking whether spld --moveable should be the default
configure:14775: result: yes
configure:14781: checking if spld should generate wrapper script by default
configure:14783: result: no
configure:14789: checking if spld --moveable implies --wrapper
configure:14791: result: no
configure:14806: checking special spld flags for SICStus tools
configure:14812: result: 
configure:14822: checking whether C compiler warnings should be fatal
configure:14829: result: no
configure:14833: checking whether implicit conversion to smaller type should generate warning
configure:14840: result: no
configure:14853: checking whether spld/splfr should use a special C compiler
configure:14874: result: no (gcc)
configure:14881: checking C compiler flags for spld/splfr
configure:14890: result: -g -O2 -pipe -D_REENTRANT -D_GNU_SOURCE -D_FILE_OFFSET_BITS=64 -fPIC
configure:14893: checking C compiler flags
configure:14896: result: -g -O2 -pipe -D_REENTRANT -D_GNU_SOURCE -D_FILE_OFFSET_BITS=64 -fPIC  -fno-strict-aliasing -ffloat-store -mieee-fp  -Wdeclaration-after-statement -Wmissing-declarations -Wstrict-prototypes -Wunused  -Wall -Wstrict-aliasing -Wdisabled-optimization -Wmissing-prototypes -Wnested-externs -Wpointer-arith -W -Wno-sign-compare -fno-common -fomit-frame-pointer
configure:14899: checking extra C compiler flags for wam.c
configure:14905: result: none
configure:14910: checking C compiler flags for dynamic linking
configure:14912: result: 
configure:14914: checking linker flags
configure:14916: result: 
configure:14919: checking LDFLAGS for spld generated executables
configure:14921: result: 
configure:14923: checking LIBS for spld generated executables
configure:14925: result: -ldl -lm -lpthread -lrt
configure:14928: checking LIBS for spld generated JNI lib
configure:14930: result: 
configure:14933: checking dynamic linker
configure:14935: result: gcc
configure:14937: checking dynamic linker flags
configure:14939: result: -shared   
configure:14945: checking tests to skip
configure:14947: result: cplus cplus_stat
configure:14951: checking tests expected to fail
configure:14953: result: none
configure:14961: checking splfr SHLD post-processing
configure:14970: result: none
configure:14977: checking splfr --static post-processing
configure:14986: result: none
configure:15249: creating ./config.status

## ---------------------- ##
## Running config.status. ##
## ---------------------- ##

This file was extended by config.status, which was
generated by GNU Autoconf 2.68.  Invocation command line was

  CONFIG_FILES    = 
  CONFIG_HEADERS  = 
  CONFIG_LINKS    = 
  CONFIG_COMMANDS = 
  $ ./config.status 

on antoniomelo

config.status:1016: creating Common

## ---------------- ##
## Cache variables. ##
## ---------------- ##

ac_cv_alignof_char=1
ac_cv_alignof_double=8
ac_cv_alignof_float=4
ac_cv_alignof_int=4
ac_cv_alignof_long=8
ac_cv_alignof_long_long=8
ac_cv_alignof_short=2
ac_cv_alignof_void_p=8
ac_cv_c_bigendian=no
ac_cv_c_compiler_gnu=yes
ac_cv_env_AR_set=
ac_cv_env_AR_value=
ac_cv_env_BASH_set=set
ac_cv_env_BASH_value=/usr/bin/sh
ac_cv_env_BENCH_ITERATIONS_SCALE_set=
ac_cv_env_BENCH_ITERATIONS_SCALE_value=
ac_cv_env_CCC_set=
ac_cv_env_CCC_value=
ac_cv_env_CC_set=
ac_cv_env_CC_value=
ac_cv_env_CFLAGS_set=
ac_cv_env_CFLAGS_value=
ac_cv_env_CPPFLAGS_set=
ac_cv_env_CPPFLAGS_value=
ac_cv_env_CPP_set=
ac_cv_env_CPP_value=
ac_cv_env_CSC_set=
ac_cv_env_CSC_value=
ac_cv_env_CXXFLAGS_set=
ac_cv_env_CXXFLAGS_value=
ac_cv_env_CXX_set=
ac_cv_env_CXX_value=
ac_cv_env_DOTNET_LAUNCHER_set=
ac_cv_env_DOTNET_LAUNCHER_value=
ac_cv_env_LDFLAGS_set=
ac_cv_env_LDFLAGS_value=
ac_cv_env_LIBS_set=
ac_cv_env_LIBS_value=
ac_cv_env_MAKE_set=
ac_cv_env_MAKE_value=
ac_cv_env_MINIZINC_DIR_set=
ac_cv_env_MINIZINC_DIR_value=
ac_cv_env_MZN2FZN_set=
ac_cv_env_MZN2FZN_value=
ac_cv_env_PERL_set=
ac_cv_env_PERL_value=
ac_cv_env_POSIX_GREP_set=
ac_cv_env_POSIX_GREP_value=
ac_cv_env_POSIX_SHELL_set=
ac_cv_env_POSIX_SHELL_value=
ac_cv_env_SOLNS2OUT_set=
ac_cv_env_SOLNS2OUT_value=
ac_cv_env_SORT_set=
ac_cv_env_SORT_value=
ac_cv_env_UNAME_set=
ac_cv_env_UNAME_value=
ac_cv_env_VALGRIND_FLAGS_set=
ac_cv_env_VALGRIND_FLAGS_value=
ac_cv_env_VALGRIND_SUPPRESSIONS_FILES_set=
ac_cv_env_VALGRIND_SUPPRESSIONS_FILES_value=
ac_cv_env_VALGRIND_set=
ac_cv_env_VALGRIND_value=
ac_cv_env_XMKMF_set=
ac_cv_env_XMKMF_value=
ac_cv_env_build_alias_set=
ac_cv_env_build_alias_value=
ac_cv_env_host_alias_set=
ac_cv_env_host_alias_value=
ac_cv_env_target_alias_set=
ac_cv_env_target_alias_value=
ac_cv_exeext=
ac_cv_func_strnlen=yes
ac_cv_have_x=have_x=no
ac_cv_header_inttypes_h=yes
ac_cv_header_memory_h=yes
ac_cv_header_stdc=yes
ac_cv_header_stdint_h=yes
ac_cv_header_stdlib_h=yes
ac_cv_header_string_h=yes
ac_cv_header_strings_h=yes
ac_cv_header_sys_stat_h=yes
ac_cv_header_sys_types_h=yes
ac_cv_header_tcl_h=no
ac_cv_header_unistd_h=yes
ac_cv_lib_odbc_SQLAllocHandle=yes
ac_cv_lib_tcl8_5___Tcl_Init=no
ac_cv_lib_tk8_5___Tk_Init=no
ac_cv_objext=o
ac_cv_path_EGREP='/usr/bin/grep -E'
ac_cv_path_GREP=/usr/bin/grep
ac_cv_path_JAR=/usr/bin/jar
ac_cv_path_JAVAC=/usr/bin/javac
ac_cv_path_JAVADOC=/usr/bin/javadoc
ac_cv_path_JAVAEXEC=/usr/bin/java
ac_cv_path_JAVAH=/usr/bin/javah
ac_cv_path_MAKE=/usr/bin/make
ac_cv_path_PERL=/usr/bin/perl
ac_cv_path_SORT=/bin/sort
ac_cv_path_STDTAR=/bin/tar
ac_cv_path_UNAME=/usr/bin/uname
ac_cv_path_ZCAT=/usr/bin/zcat
ac_cv_prog_AR=ar
ac_cv_prog_CHMOD=chmod
ac_cv_prog_CP=cp
ac_cv_prog_CPP='gcc -E'
ac_cv_prog_MV=mv
ac_cv_prog_RM=rm
ac_cv_prog_ac_ct_CC=gcc
ac_cv_prog_ac_ct_RANLIB=ranlib
ac_cv_prog_cc_c89=
ac_cv_prog_cc_g=yes
ac_cv_prog_make__usr_bin_make_set=yes
ac_cv_sizeof___int64=0
ac_cv_sizeof_int=4
ac_cv_sizeof_long=8
ac_cv_sizeof_long_long=8
ac_cv_sizeof_short=2
ac_cv_sizeof_void_p=8

## ----------------- ##
## Output variables. ##
## ----------------- ##

AR='ar'
ARFLAGS=''
BASH='/usr/bin/sh'
BDBINC=''
BDBLIB=''
BDB_MODULE=''
BDB_PATH=''
BENCH_ITERATIONS_SCALE='100'
CC='gcc'
CC_NOLIBPATH=''
CC_ROPT='-Wl,-rpath,'
CC_WERROR='-Werror'
CC_WNO_CONVERSION_OPTION='-Wno-conversion'
CFLAGS='-g -O2 -pipe -D_REENTRANT -D_GNU_SOURCE -D_FILE_OFFSET_BITS=64 -fPIC  -fno-strict-aliasing -ffloat-store -mieee-fp  -Wdeclaration-after-statement -Wmissing-declarations -Wstrict-prototypes -Wunused  -Wall -Wstrict-aliasing -Wdisabled-optimization -Wmissing-prototypes -Wnested-externs -Wpointer-arith -W -Wno-sign-compare -fno-common -fomit-frame-pointer'
CHARMAINOBJ='charmain.o intrpt.o '
CHMOD='chmod'
CHR_MODULE='chr.po'
CLPQ_MODULE='clpq.po'
CLPR_MODULE='clpr.po'
CODETYPE=''
COMCLIENTLIB=''
CP='cp'
CPP='gcc -E'
CPPFLAGS=''
CPUCOUNTCOMMAND=':'
CSC='no'
CSCFLAGS=''
CXX='gcc'
CXXFLAGS=''
CYGPATH='echo'
CYGPATHBACKSLASH='echo'
CYGWIN_MAKEFILE_ENV_EXPORTS=''
DBGFLAG='yes'
DEBUG_BUILD='no'
DEFS='-DPACKAGE_NAME=\"\" -DPACKAGE_TARNAME=\"\" -DPACKAGE_VERSION=\"\" -DPACKAGE_STRING=\"\" -DPACKAGE_BUGREPORT=\"\" -DPACKAGE_URL=\"\" -DSP_NEW_DBG_POLICY=1 -DSICSTUS_RELEASE_BUILD=1 -DSICSTUS_MAJOR_VERSION=4 -DSICSTUS_MINOR_VERSION=3 -DSICSTUS_REVISION_VERSION=3 -DSICSTUS_BETA_VERSION=0 -DSICSTUS_VERSION_STRING=\"4.3.3\" -DSICSTUS_VERSION=40303 -DSP_GET_DISPATCH_NAME=SP_get_dispatch_40303 -DSP_CLAUSE_ISO_BODY=1 -DSP_CLAUSE_ISO_BODY_NO_META_ARGUMENT_WRAPPING=1 -DRTKERNEL_INSTANCE_TEMPLATE_STRING=\"libsprt4-3-3-instance-XX\" -DRELEASE_YEAR=2016 -DHAVE_LINUX_PROC_SELF_EXE=1 -DSETITIMER_EARLY=1 -DFLI_APPLY_ASM_SYSV_ABI_X86_64=1 -DSP_X64=1 -DSP_HUGEPAGES=1 -DSP_HUGEPAGES_DEFAULT=0 -DHAVE_PROC_SELF_FD=1 -DSP_NO_MULTI_SP_FEATURE=0 -DSP_JIT_ABI_STRING=\"linuxx64\" -DSP_JIT_PRELOAD_FAIL_STRING=\"none\" -DSP_JIT_USE_LQ_STQ_STRING=\"no\" -DSP_RTSYS_DIRNAME=\"sp-4.3.3\" -DSP_EMULATOR_DIRNAME=\"sicstus-4.3.3\" -DSPCDECL= -DSHSFX=\"so\" -DFLI_SHSFX=\"so\" -DRTKERNEL_BASENAME_SANS_SUFFIX_STRING=\"libsprt4-3-3\" -DRTKERNEL_BASENAME_WITH_DSO_SUFFIX_STRING=\"libsprt4-3-3.so\" -DSHPRE=\"lib\" -DSYSTEM_NAME=\"x86_64-linux-glibc2.23\" -DSOLARIS_THREADS=0 -DPOSIX_SIGNALS=1 -DENABLE_CLPFD=1 -DSTDC_HEADERS=1 -DHAVE_SYS_TYPES_H=1 -DHAVE_SYS_STAT_H=1 -DHAVE_STDLIB_H=1 -DHAVE_STRING_H=1 -DHAVE_MEMORY_H=1 -DHAVE_STRINGS_H=1 -DHAVE_INTTYPES_H=1 -DHAVE_STDINT_H=1 -DHAVE_UNISTD_H=1 -DSIZEOF_VOID_P=8 -DSIZEOF_SHORT=2 -DSP_SIZEOF_SHORT=2 -DSIZEOF_INT=4 -DSP_SIZEOF_INT=4 -DSIZEOF_LONG=8 -DSP_SIZEOF_LONG=8 -DSIZEOF_VOID_P=8 -DSP_SIZEOF_VOID_P=8 -DALIGNOF_CHAR=1 -DALIGNOF_SHORT=2 -DALIGNOF_INT=4 -DALIGNOF_LONG=8 -DALIGNOF_LONG_LONG=8 -DALIGNOF_FLOAT=4 -DALIGNOF_DOUBLE=8 -DALIGNOF_VOID_P=8 -DLogSizeOfWord=3 -DSIZEOF_LONG_LONG=8 -DSP_SIZEOF_LONG_LONG=8 -DSIZEOF___INT64=0 -DSP_SIZEOF___INT64=0 -DX_DISPLAY_MISSING=1 -DHAVE_STRNLEN=1'
DOTNET_LAUNCHER=''
DSMAINOBJ='main.o'
DT_CC=''
DT_CC_PATH=''
DT_CFLAGS=''
DT_CPPFLAGS=''
DT_ENV_INCLUDE=''
DT_ENV_LIB=''
DT_LIBS=''
DT_OUTPUT_OPT=''
ECHO_C=''
ECHO_N='-n'
ECHO_T=''
EGREP='/usr/bin/grep -E'
EMACS_MODE_LINE_BUFFER_READONLY='"; buffer-read-only:t; dummy2:"'
ENABLE_CLPFD='yes'
ENABLE_JAVA='yes'
ENABLE_JAVA_JNI='no'
ENABLE_STATLIB='yes'
EXEEXT=''
EXPECT_WARNINGS_MULTI_SP_C='no'
EXPFILE_SYMBOL_PREFIX=''
FLI_SHSFX='so'
GCCLIB=''
GREP='/usr/bin/grep'
HAVE_SYSV_ORIGIN='yes'
HIGH_RESOLUTION_TIME_CP='no'
IMPLIB=''
INCR_CFLAGS=''
INSTALLER_BDB_DIRS=''
INSTALLER_BDB_VERSION=''
INSTALLER_HAS_BDB='no'
INSTALLER_HAS_JAVA_JNI='no'
INSTALLER_HAS_ODBC='yes'
INSTALLER_HAS_TCLTK='no'
INSTALLER_JAVA_DIRS=''
INSTALLER_JAVA_VERSION=''
INSTALLER_TCLTK_DIRS=''
INSTALLER_TCLTK_VERSION='8.5'
JAR='/usr/bin/jar'
JASPER_ENV_ARGS=''
JASPER_MODULE=''
JASPER_SPLFR_FLAGS=''
JAVAC='/usr/bin/javac'
JAVACDBGFLAGS='-g '
JAVACFLAGS='  -encoding ISO-8859-1'
JAVADOC='/usr/bin/javadoc'
JAVADOCFLAGS=''
JAVAEXEC='/usr/bin/java'
JAVAEXEC_ENV_ARGS=''
JAVAH='/usr/bin/javah'
JAVAINC=''
JAVALIB=''
JAVA_CLASSPATH=''
JAVA_EXECOPTS='-native '
JDK_PATH='/usr/local/jdk'
JDK_RPATH=''
JIT='yes'
JIT_PPC64LE=''
JNI_SHSFX='so'
KERNEL_SHLD_FLAGS=''
KERNEL_SHLD_GENIMPLIB=''
LC_ALL_UTF8_LOCALE_NAME='en_US.utf8'
LD='ld'
LDFLAGS=''
LD_BUILDS_RPATH_FROM_L='no'
LD_LIBRARY_PATH_name='LD_LIBRARY_PATH'
LD_R='ld -r'
LIBOBJS=''
LIBS='-ldl -lm -lpthread -lrt'
LIBTOOL=''
LN='ln -s'
LN_S='ln -s'
LTLIBOBJS=''
M4_FLAGS=''
MACOSX_MAKEFILE_ENV_EXPORTS=''
MACOSX_MALLOC_SCRIBBLE_KLUDGE=''
MAKE='/usr/bin/make'
MALLOC_ENV=''
MAPFILEOPT='-Wl,--version-script='
MINIZINC_DIR=''
MKAUTOGEN=''
MKDIR='mkdir -p'
MV='mv'
MZN2FZN=''
NATIVEPATH='$(strip $(1))'
NATIVEPATHBACKSLASH='$(strip $(1))'
NMEDIT=''
NOLINK_OPT='-c'
NOLINK_OUTPUT_OPT='-o '
NOVERBOSE_FLAG=''
NO_UNKNOWN_PRAGMAS='-Wno-unknown-pragmas'
OBJEXT='o'
ODBCINC=''
ODBCLIB='-lodbc'
ODBC_MODULE='odbc.po'
ODBC_PATH=''
OLDSICSTUS=''
OPAGENT_LIB=''
OUTPUT_OPT='-o '
PACKAGE_BUGREPORT=''
PACKAGE_NAME=''
PACKAGE_STRING=''
PACKAGE_TARNAME=''
PACKAGE_URL=''
PACKAGE_VERSION=''
PARMAKE=''
PATHSEP=':'
PATH_SEPARATOR=':'
PAX_ARCHIVE_FORMAT='cpio'
PCACHE='./platform.cache'
PERL='/usr/bin/perl'
PERLAPP_ENABLED=''
PERLAPP_MODE=''
PLATFORM='x86_64-linux-glibc2.23'
PLFLAGS=''
POSIX_GREP='/usr/bin/grep'
POSIX_SHELL='/usr/bin/sh'
QUOTECHAR='"'
RANLIB='ranlib'
RELEASE_MONTH='September'
RELEASE_YEAR='2016'
RESGEN_TYPE='cc'
RM='rm'
RMDUMMY=''
RTKERNEL_BASENAME_SANS_SUFFIX='libsprt4-3-3'
RTKERNEL_BASENAME_WITH_DSO_SUFFIX='libsprt4-3-3.so'
RTKERNEL_BASENAME_WITH_STAT_SUFFIX='libsprt4-3-3.a'
RTKERNEL_EXPFILE=''
RTKERNEL_INSTANCE_TEMPLATE='libsprt4-3-3-instance-XX'
SET_MAKE=''
SHELL='/usr/bin/sh'
SHLD='gcc'
SHLDFLAGS='-shared   '
SHLD_OUTPUT_OPT='-o '
SHLD_ROPT='-Wl,-rpath,'
SHLD_RTKERNELEXP=''
SHPRE='lib'
SHSFX='so'
SHVER=''
SICSTUS_BETA_VERSION='0'
SICSTUS_BUILD_VERSION='4.3.3.1000'
SICSTUS_MAJOR_VERSION='4'
SICSTUS_MICRO_VERSION='1000'
SICSTUS_MINOR_VERSION='3'
SICSTUS_RELEASE_BUILD='yes'
SICSTUS_REVISION_VERSION='3'
SICSTUS_VERSION='40303'
SICSTUS_VERSION_STRING='4.3.3'
SLEEP=''
SOCKETLIB=''
SOLNS2OUT=''
SORT='/bin/sort'
SPACEOUT_MODULE=''
SPAUXOBJ='spaux.o'
SPLD_CC='gcc'
SPLD_CONFIG_CFLAGS='-g -O2 -pipe -D_REENTRANT -D_GNU_SOURCE -D_FILE_OFFSET_BITS=64 -fPIC'
SPLD_CONFIG_FILE='/home/amelo/Documents/SICStus/bin/spconfig-4.3.3'
SPLD_CONFIG_FILE_BASENAME='spconfig-4.3.3'
SPLD_DSFLAGS=''
SPLD_EXE_EXTRA_RPATH=''
SPLD_EXE_LDFLAGS=''
SPLD_EXE_LIBS='-ldl -lm -lpthread -lrt'
SPLD_JNI_LIBS=''
SPLD_OPT_LOCALE_NAME_DEFAULT=''
SPLD_OPT_MOVEABLE_DEFAULT='yes'
SPLD_OPT_MOVEABLE_NEEDS_WRAPPER='no'
SPLD_OPT_USE_LOCALE_DEFAULT='yes'
SPLD_OPT_WRAPPER_DEFAULT='no'
SPLD_SHLD_JNILIB_FLAGS=''
SPLD_TOOLFLAGS=''
SPLFR_LD_EXPORT_ARG=''
SPLFR_LD_R_POST_PROCESS=''
SPLFR_LD_R_POST_PROCESS_EXPFILE_OPT=''
SPLFR_LD_R_POST_PROCESS_LIB_OPT=''
SPLFR_LD_r_FLAGS=''
SPLFR_SHLD='gcc'
SPLFR_SHLDFLAGS='-shared   '
SPLFR_SHLD_EXPORT_ARG='-Wl,--version-script=@SP_MAP_FILE@'
SPLFR_SHLD_LASTARG=''
SPLFR_SHLD_POST_PROCESS=''
SPLFR_SHLD_POST_PROCESS_EXPFILE_OPT=''
SPLFR_SHLD_POST_PROCESS_LIB_OPT=''
SPLM_LIBS=''
SP_AVOID_PREFIX_MINUS_ARGUMENT_BRACKETING='no'
SP_BDB_LIB_BASE_NAME_UNIX='db-5.3'
SP_BDB_LIB_BASE_NAME_WIN='libdb53'
SP_BIGENDIAN='no'
SP_BINAUXDIR='/home/amelo/Documents/SICStus/lib/sicstus-4.3.3/bin'
SP_BINDIR='/home/amelo/Documents/SICStus/bin'
SP_BINDISTR_NAME=''
SP_CLAUSE_ISO_BODY='yes'
SP_CLAUSE_ISO_BODY_NO_META_ARGUMENT_WRAPPING='yes'
SP_DIRNAME='sicstus-4.3.3'
SP_EMULATOR_DIRNAME='sicstus-4.3.3'
SP_GET_DISPATCH_NAME='SP_get_dispatch_40303'
SP_INSTALL_DECRYPT='./spdecrypt'
SP_INSTALL_ZCAT='zcat'
SP_JIT_ABI='linuxx64'
SP_JIT_PRELOAD_FAIL='none'
SP_JIT_USE_LQ_STQ='no'
SP_JIT_USE_PLCALL_PASS_CP_IN_LINK='no'
SP_LIBRARY_DIR='/home/amelo/Documents/SICStus/lib/sicstus-4.3.3/library'
SP_NO_MEMORY_HOOKS=''
SP_NO_MULTI_SP_FEATURE='no'
SP_PATHDIR='/home/amelo/Documents/SICStus/lib/sicstus-4.3.3'
SP_POWER64=''
SP_ROOTLIBDIR='/home/amelo/Documents/SICStus/lib'
SP_RTSYS_DIRNAME='sp-4.3.3'
SP_RTSYS_DIRNAME_UNIX='sp-4.3.3'
SP_RTSYS_DIRNAME_WIN='sp-4.3.3'
SP_USE_GCC_VISIBILITY='no'
SP_X64='yes'
SP_X86=''
STDTAR='/bin/tar'
STSFX='s.o'
SUITE_EXPECTED_FAILURES=''
SUITE_SKIPPED_TESTS='cplus cplus_stat'
SYSTEMLIB=''
TCLINC='-I/usr/local/include  '
TCLLIB='-L/usr/local/lib  -ltk8.5 -ltcl8.5   -lX11  '
TCLTK_MODULE=''
TCLTK_PATH='/usr/local'
TCL_LIBRARY=''
TCL_PATH='/usr/local'
TIMEOUT_MODULE='timeout.po'
TK_LIBRARY=''
TK_PATH='/usr/local'
TOP_SRCDIR='/home/amelo/Documents/sp-4.3.3-x86_64-linux-glibc2.17'
ULIMIT_CMD='ulimit'
ULIMIT_DATA=''
UNAME='/usr/bin/uname'
UNIX_RTKERNEL_BASENAME_SANS_SUFFIX='libsprt4-3-3'
USE_PAX='no'
VALGRIND=''
VALGRIND_FLAGS='--alignment=16 --smc-check=all'
VALGRIND_SUPPRESSIONS_FILES=''
VERBOSE_FLAG='-v'
VJC=''
VJCFLAGS=''
WAMFILTER=''
WAM_O_CFLAGS_EXTRA=''
WIN32='no'
WIN32_EXTRAOBJS=''
WIN32_RTKERNEL_BASENAME_SANS_SUFFIX='sprt4-3-3'
WIN32_SPLD_CC_SPECIAL=''
WIN32_SPLD_SHLD_SPECIAL=''
WIN64='no'
WINCE='no'
WINMAINOBJ=''
XMKMF=''
X_CFLAGS=''
X_EXTRA_LIBS=''
X_LIBS=''
X_PRE_LIBS=''
ZCAT='/usr/bin/zcat'
ac_ct_CC='gcc'
ac_ct_CXX=''
bindir='${exec_prefix}/bin'
build_alias=''
datadir='${datarootdir}'
datarootdir='${prefix}/share'
docdir='${datarootdir}/doc/${PACKAGE}'
dvidir='${docdir}'
exec_prefix='/home/amelo/Documents/SICStus'
host_alias=''
htmldir='${docdir}'
includedir='${prefix}/include'
infodir='${datarootdir}/info'
java_in_path=''
libdir='${exec_prefix}/lib'
libexecdir='${exec_prefix}/libexec'
localedir='${datarootdir}/locale'
localstatedir='${prefix}/var'
mandir='${datarootdir}/man'
oldincludedir='/usr/include'
pdfdir='${docdir}'
prefix='/home/amelo/Documents/SICStus'
program_transform_name='s,x,x,'
psdir='${docdir}'
sbindir='${exec_prefix}/sbin'
sharedstatedir='${prefix}/com'
sysconfdir='${prefix}/etc'
target_alias=''

## ----------- ##
## confdefs.h. ##
## ----------- ##

/* confdefs.h */
#define PACKAGE_NAME ""
#define PACKAGE_TARNAME ""
#define PACKAGE_VERSION ""
#define PACKAGE_STRING ""
#define PACKAGE_BUGREPORT ""
#define PACKAGE_URL ""
#define SP_NEW_DBG_POLICY 1
#define SICSTUS_RELEASE_BUILD 1
#define SICSTUS_MAJOR_VERSION 4
#define SICSTUS_MINOR_VERSION 3
#define SICSTUS_REVISION_VERSION 3
#define SICSTUS_BETA_VERSION 0
#define SICSTUS_VERSION_STRING "4.3.3"
#define SICSTUS_VERSION  40303
#define SP_GET_DISPATCH_NAME  SP_get_dispatch_40303
#define SP_CLAUSE_ISO_BODY 1
#define SP_CLAUSE_ISO_BODY_NO_META_ARGUMENT_WRAPPING 1
#define RTKERNEL_INSTANCE_TEMPLATE_STRING "libsprt4-3-3-instance-XX"
#define RELEASE_YEAR 2016
#define HAVE_LINUX_PROC_SELF_EXE 1
#define SETITIMER_EARLY 1
#define FLI_APPLY_ASM_SYSV_ABI_X86_64 1
#define SP_X64 1
#define SP_HUGEPAGES 1
#define SP_HUGEPAGES_DEFAULT 0
#define HAVE_PROC_SELF_FD 1
#define SP_NO_MULTI_SP_FEATURE 0
#define SP_JIT_ABI_STRING "linuxx64"
#define SP_JIT_PRELOAD_FAIL_STRING "none"
#define SP_JIT_USE_LQ_STQ_STRING "no"
#define SP_RTSYS_DIRNAME "sp-4.3.3"
#define SP_EMULATOR_DIRNAME "sicstus-4.3.3"
#define SPCDECL 
#define SHSFX "so"
#define FLI_SHSFX "so"
#define RTKERNEL_BASENAME_SANS_SUFFIX_STRING "libsprt4-3-3"
#define RTKERNEL_BASENAME_WITH_DSO_SUFFIX_STRING "libsprt4-3-3.so"
#define SHPRE "lib"
#define SYSTEM_NAME "x86_64-linux-glibc2.23"
#define SOLARIS_THREADS 0
#define POSIX_SIGNALS 1
#define ENABLE_CLPFD 1
#define STDC_HEADERS 1
#define HAVE_SYS_TYPES_H 1
#define HAVE_SYS_STAT_H 1
#define HAVE_STDLIB_H 1
#define HAVE_STRING_H 1
#define HAVE_MEMORY_H 1
#define HAVE_STRINGS_H 1
#define HAVE_INTTYPES_H 1
#define HAVE_STDINT_H 1
#define HAVE_UNISTD_H 1
#define SIZEOF_VOID_P 8
#define SIZEOF_SHORT 2
#define SP_SIZEOF_SHORT 2
#define SIZEOF_INT 4
#define SP_SIZEOF_INT 4
#define SIZEOF_LONG 8
#define SP_SIZEOF_LONG 8
#define SIZEOF_VOID_P 8
#define SP_SIZEOF_VOID_P 8
#define ALIGNOF_CHAR 1
#define ALIGNOF_SHORT 2
#define ALIGNOF_INT 4
#define ALIGNOF_LONG 8
#define ALIGNOF_LONG_LONG 8
#define ALIGNOF_FLOAT 4
#define ALIGNOF_DOUBLE 8
#define ALIGNOF_VOID_P 8
#define LogSizeOfWord 3
#define SIZEOF_LONG_LONG 8
#define SP_SIZEOF_LONG_LONG 8
#define SIZEOF___INT64 0
#define SP_SIZEOF___INT64 0
#define X_DISPLAY_MISSING 1
#define HAVE_STRNLEN 1

configure: exit 0

## ---------------------- ##
## Running config.status. ##
## ---------------------- ##

This file was extended by config.status, which was
generated by GNU Autoconf 2.68.  Invocation command line was

  CONFIG_FILES    = 
  CONFIG_HEADERS  = 
  CONFIG_LINKS    = 
  CONFIG_COMMANDS = 
  $ ./config.status --file=distrib:distrib.in

on antoniomelo

config.status:1016: creating distrib

## ---------------------- ##
## Running config.status. ##
## ---------------------- ##

This file was extended by config.status, which was
generated by GNU Autoconf 2.68.  Invocation command line was

  CONFIG_FILES    = 
  CONFIG_HEADERS  = 
  CONFIG_LINKS    = 
  CONFIG_COMMANDS = 
  $ ./config.status --file=spld.config_tmp:spld.config.in

on antoniomelo

config.status:1016: creating spld.config_tmp
