configure: The original platform is x86_64-linux-glibc2.23
checking whether 64bit is enabled... yes
checking for 32/64 bit specific platform name... x86_64-linux-glibc2.23
checking validity of ./platform.cache... ok
checking for executable and object file extensions... "" and ".o"
checking whether this is a pre-built installation... 
checking for sort... /bin/sort
checking for uname... /usr/bin/uname
checking for POSIX compliant grep... /usr/bin/grep
checking for POSIX compliant shell... /usr/bin/sh
checking debugging... yes
checking new debug flag policy... yes
checking whether this is a release build... yes
checking SICStus version... 4.3.3
checking version specific name for SP_get_dispatch... SP_get_dispatch_40303
checking whether bracketing should be avoided in the argument to prefix minus... no
checking whether clause/2 et al. should hide the non-ISO-compliant rewriting we do... yes (ISO 13322-1 compatible)
checking whether clause/2 et al. should hide the module wrapping of meta argument done in callers... yes (ISO 13322-1 compatible)
checking for CYGPATH... echo
checking for CYGPATHBACKSLASH... echo
checking for NATIVEPATH... $(strip $(1))
checking for NATIVEPATHBACKSLASH... $(strip $(1))
checking for make... /usr/bin/make
checking whether /usr/bin/make sets $(MAKE)... yes
checking testsuite... yes
checking default C-compiler... no
checking default C++ compiler... no
checking Path to Mono binaries... none
checking for csc... no
checking default C# compiler... disabled
checking for gcc... gcc
checking whether the C compiler works... yes
checking for C compiler default output file name... a.out
checking for suffix of executables... 
checking whether we are cross compiling... no
checking for suffix of object files... (cached) o
checking whether we are using the GNU C compiler... yes
checking whether gcc accepts -g... yes
checking for gcc option to accept ISO C89... none needed
checking whether gcc (gcc) is really Intel icc... no
checking whether gcc (gcc) is really clang... no
checking how to run the C preprocessor... gcc -E
checking whether -g should be passed to C compiler (gcc)... yes
checking whether C compiler should warn about unused variables etc... yes
checking whether the C compiler (gcc) accepts -pipe... yes
checking gcc version... Major version 6, minor version 2
checking whether the C compiler (gcc) should be used for shared linking... default
checking for valgrind... no
checking for valgrind suppression files... none
checking for path to MiniZinc... none
checking for mzn2fzn... no
checking for solns2out... no
checking whether generic foreign language glue should be used... no
checking whether JIT compilation is enabled... checking for valgrind flags... --alignment=16 --smc-check=all
checking for grep that handles long lines and -e... /usr/bin/grep
checking for egrep... /usr/bin/grep -E
checking for perl... /usr/bin/perl
checking Perl version... ok
checking if AC_PROG_CXX will succeed... 
checking whether we are using the GNU C++ compiler... yes
checking whether gcc accepts -g... yes
checking whether floating point consistency should be maintained... yes
checking whether gcc supports -Wdisabled-optimization support... yes
checking whether -fstrict-aliasing should be used... no
checking whether GCC option -fomit-frame-pointer should be used... yes
checking for float consistency flags... -ffloat-store -mieee-fp
checking whether -ftrapv should be used... no
checking whether -D_FORTIFY_SOURCE=2 should be used... no
checking whether -fstack-protector-all should be used... no
checking whether -fstack-protector should be used... no
checking whether -fvisibility=hidden should be used... no
checking for ranlib... ranlib
checking whether ln -s works... yes
checking for rm... rm
checking for cp... cp
checking for mv... mv
checking for ar... ar
checking for chmod... chmod
checking if mkdir accepts -p... yes
checking for en_US.utf8 locale name... en_US.utf8
checking whether huge pages should be supported... yes
checking C compiler flags during configure... -g -O2 -pipe -D_REENTRANT -D_GNU_SOURCE -D_FILE_OFFSET_BITS=64 -fPIC  -fno-strict-aliasing -ffloat-store -mieee-fp
checking C compiler flags for user code... -g -O2 -pipe -D_REENTRANT -D_GNU_SOURCE -D_FILE_OFFSET_BITS=64 -fPIC
checking data resource support... cc
checking whether multiple SICStus run-times is supported... yes
checking whether memory allocation can be hooked... yes
checking for JIT ABI... linuxx64
checking for JIT PRELOAD FAIL... none
checking for zcat... /usr/bin/zcat
checking for tar... /bin/tar
checking what name to use for the kernel static library... libsprt4-3-3.a
checking special flags when linking runtime kernel... none
checking splfr shared linker export argument... -Wl,--version-script=@SP_MAP_FILE@
checking whether SICStus can set SP_APP_DIR/SP_RT_DIR... yes
checking CLPFD... yes
checking for ANSI C header files... yes
checking for sys/types.h... yes
checking for sys/stat.h... yes
checking for stdlib.h... yes
checking for string.h... yes
checking for memory.h... yes
checking for strings.h... yes
checking for inttypes.h... yes
checking for stdint.h... yes
checking for unistd.h... yes
checking size of void *... 8
checking size of short... 2
checking size of int... 4
checking size of long... 8
checking size of void *... (cached) 8
checking alignment of char... 1
checking alignment of short... 2
checking alignment of int... 4
checking alignment of long... 8
checking alignment of long long... 8
checking alignment of float... 4
checking alignment of double... 8
checking alignment of void *... 8
checking for log2 sizeof word... 3
checking size of long long... 8
checking size of __int64... 0
checking whether byte ordering is bigendian... no
checking for X... no
checking required Berkeley DB version... 5.3.21
checking whether to use Berkeley DB... yes
checking whether BDB was successfully configured... no
checking for strnlen... yes
checking whether to use ODBC... yes, if possible
checking for ODBC support... checking for SQLAllocHandle in -lodbc... yes
checking for Java support... enabled
checking whether SICStus should use Java JNI... yes
checking for path to Java... /usr/local/jdk
checking for java executables... 
checking for java... /usr/bin/java
checking for javac... /usr/bin/javac
checking for javah... /usr/bin/javah
checking for javadoc... /usr/bin/javadoc
checking for jar... /usr/bin/jar
checking whether java supports the -native argument... yes (-native)
checking for arguments to /usr/bin/java... -native 
checking whether javac supports -target 1.6 flag... no
checking extra options to javac...   -encoding ISO-8859-1 -g 
checking for java include directory... not found
checking Tcl/Tk... checking Tcl/Tk install directories... yes (/usr/local)
checking tcl.h usability... no
checking tcl.h presence... no
checking for tcl.h... no
checking Tcl/Tk version... 8.5
checking for Tcl_Init in -ltcl8.5... no
checking for Tk_Init in -ltk8.5... no
checking Tcl/Tk configuration results... failed
checking if paths to third-party libraries should be embedded in the sicstus development system... no
checking for extra spld flags for SICStus development system... none
checking whether spld --moveable should be the default... yes
checking if spld should generate wrapper script by default... no
checking if spld --moveable implies --wrapper... no
checking special spld flags for SICStus tools... 
checking whether C compiler warnings should be fatal... no
checking whether implicit conversion to smaller type should generate warning... no
checking whether spld/splfr should use a special C compiler... no (gcc)
checking C compiler flags for spld/splfr... -g -O2 -pipe -D_REENTRANT -D_GNU_SOURCE -D_FILE_OFFSET_BITS=64 -fPIC
checking C compiler flags... -g -O2 -pipe -D_REENTRANT -D_GNU_SOURCE -D_FILE_OFFSET_BITS=64 -fPIC  -fno-strict-aliasing -ffloat-store -mieee-fp  -Wdeclaration-after-statement -Wmissing-declarations -Wstrict-prototypes -Wunused  -Wall -Wstrict-aliasing -Wdisabled-optimization -Wmissing-prototypes -Wnested-externs -Wpointer-arith -W -Wno-sign-compare -fno-common -fomit-frame-pointer
checking extra C compiler flags for wam.c... none
checking C compiler flags for dynamic linking... 
checking linker flags... 
checking LDFLAGS for spld generated executables... 
checking LIBS for spld generated executables... -ldl -lm -lpthread -lrt
checking LIBS for spld generated JNI lib... 
checking dynamic linker... gcc
checking dynamic linker flags... -shared   
checking tests to skip... cplus cplus_stat
checking tests expected to fail... none
checking splfr SHLD post-processing... none
checking splfr --static post-processing... none
configure: creating ./config.status
config.status: creating Common
config.status: creating distrib
config.status: creating spld.config_tmp
