@ARGV is ()
% Reading configuration file "/home/amelo/Documents/SICStus/bin/spconfig-4.3.3"
@nonoptions is ()
% Generating wrapper for main function (spldgen_5747_1475055448_main_wrapper.c)...
% Building a development executable.
% Generating default definition of SU_initialize() (spldgen_5747_1475055448_defuserhook.c)...
% Generating resource table (spldgen_5747_1475055448_prolog_rtable.c)...
% Compiling C sources...
gcc
-I"/home/amelo/Documents/SICStus/include"
-g
-O2
-pipe
-D_REENTRANT
-D_GNU_SOURCE
-D_FILE_OFFSET_BITS=64
-fPIC
-DSICSTUS_TARGET_VERSION=40303
-DSPLD_DSP=1
-DSPLD_SET_PROCESS_LOCALE
-DSPLD_PROCESS_LOCALE_NAME=
-c
spldgen_5747_1475055448_main_wrapper.c
-o
spldgen_5747_1475055448_main_wrapper.o
gcc -I"/home/amelo/Documents/SICStus/include" -g -O2 -pipe -D_REENTRANT -D_GNU_SOURCE -D_FILE_OFFSET_BITS=64 -fPIC -DSICSTUS_TARGET_VERSION=40303 -DSPLD_DSP=1 -DSPLD_SET_PROCESS_LOCALE -DSPLD_PROCESS_LOCALE_NAME= -c spldgen_5747_1475055448_main_wrapper.c -o spldgen_5747_1475055448_main_wrapper.o
spld (SICStus Prolog 4.3.3)

SICStus Prolog Release 4.3.3
Copyright (c) 1998-2016 SICS Swedish ICT

Report bugs at:

    http://www.sics.se/sicstus/bugreport/bugreport.html
gcc
-I"/home/amelo/Documents/SICStus/include"
-g
-O2
-pipe
-D_REENTRANT
-D_GNU_SOURCE
-D_FILE_OFFSET_BITS=64
-fPIC
-DSICSTUS_TARGET_VERSION=40303
-DSPLD_DSP=1
-DSPLD_SET_PROCESS_LOCALE
-DSPLD_PROCESS_LOCALE_NAME=
-c
spldgen_5747_1475055448_defuserhook.c
-o
spldgen_5747_1475055448_defuserhook.o
gcc -I"/home/amelo/Documents/SICStus/include" -g -O2 -pipe -D_REENTRANT -D_GNU_SOURCE -D_FILE_OFFSET_BITS=64 -fPIC -DSICSTUS_TARGET_VERSION=40303 -DSPLD_DSP=1 -DSPLD_SET_PROCESS_LOCALE -DSPLD_PROCESS_LOCALE_NAME= -c spldgen_5747_1475055448_defuserhook.c -o spldgen_5747_1475055448_defuserhook.o
gcc
-I"/home/amelo/Documents/SICStus/include"
-g
-O2
-pipe
-D_REENTRANT
-D_GNU_SOURCE
-D_FILE_OFFSET_BITS=64
-fPIC
-DSICSTUS_TARGET_VERSION=40303
-DSPLD_DSP=1
-DSPLD_SET_PROCESS_LOCALE
-DSPLD_PROCESS_LOCALE_NAME=
-c
spldgen_5747_1475055448_prolog_rtable.c
-o
spldgen_5747_1475055448_prolog_rtable.o
gcc -I"/home/amelo/Documents/SICStus/include" -g -O2 -pipe -D_REENTRANT -D_GNU_SOURCE -D_FILE_OFFSET_BITS=64 -fPIC -DSICSTUS_TARGET_VERSION=40303 -DSPLD_DSP=1 -DSPLD_SET_PROCESS_LOCALE -DSPLD_PROCESS_LOCALE_NAME= -c spldgen_5747_1475055448_prolog_rtable.c -o spldgen_5747_1475055448_prolog_rtable.o
Linking "/home/amelo/Documents/SICStus/bin/sicstus"
gcc
-I/home/amelo/Documents/SICStus/include
-g
-O2
-pipe
-D_REENTRANT
-D_GNU_SOURCE
-D_FILE_OFFSET_BITS=64
-fPIC
-DSICSTUS_TARGET_VERSION=40303
-DSPLD_DSP=1
-DSPLD_SET_PROCESS_LOCALE
-DSPLD_PROCESS_LOCALE_NAME=
spldgen_5747_1475055448_main_wrapper.o
spldgen_5747_1475055448_defuserhook.o
spldgen_5747_1475055448_prolog_rtable.o
/home/amelo/Documents/SICStus/lib/sicstus-4.3.3/bin/charmain.o
/home/amelo/Documents/SICStus/lib/sicstus-4.3.3/bin/intrpt.o
/home/amelo/Documents/SICStus/lib/sicstus-4.3.3/bin/main.o
/home/amelo/Documents/SICStus/lib/sicstus-4.3.3/bin/spaux.o
-L/home/amelo/Documents/SICStus/lib
-lsprt4-3-3
-Wl,-rpath,'$ORIGIN/sp-4.3.3'

-ldl
-lm
-lpthread
-lrt
-o
/home/amelo/Documents/SICStus/bin/sicstus

gcc -I/home/amelo/Documents/SICStus/include -g -O2 -pipe -D_REENTRANT -D_GNU_SOURCE -D_FILE_OFFSET_BITS=64 -fPIC -DSICSTUS_TARGET_VERSION=40303 -DSPLD_DSP=1 -DSPLD_SET_PROCESS_LOCALE -DSPLD_PROCESS_LOCALE_NAME= spldgen_5747_1475055448_main_wrapper.o spldgen_5747_1475055448_defuserhook.o spldgen_5747_1475055448_prolog_rtable.o /home/amelo/Documents/SICStus/lib/sicstus-4.3.3/bin/charmain.o /home/amelo/Documents/SICStus/lib/sicstus-4.3.3/bin/intrpt.o /home/amelo/Documents/SICStus/lib/sicstus-4.3.3/bin/main.o /home/amelo/Documents/SICStus/lib/sicstus-4.3.3/bin/spaux.o -L/home/amelo/Documents/SICStus/lib -lsprt4-3-3 -Wl,-rpath,'$ORIGIN/sp-4.3.3' -ldl -lm -lpthread -lrt -o /home/amelo/Documents/SICStus/bin/sicstus
Created "/home/amelo/Documents/SICStus/bin/sicstus"
% Removing temporary files: spldgen_5747_1475055448_main_wrapper.c spldgen_5747_1475055448_defuserhook.c spldgen_5747_1475055448_prolog_rtable.c spldgen_5747_1475055448_main_wrapper.o spldgen_5747_1475055448_defuserhook.o spldgen_5747_1475055448_prolog_rtable.o
@ARGV is ()
% Reading configuration file "/home/amelo/Documents/SICStus/bin/spconfig-4.3.3"
@nonoptions is ()
% Generating wrapper for main function (spldgen_5767_1475055448_main_wrapper.c)...
% Building a development executable.
% Generating default definition of SU_initialize() (spldgen_5767_1475055448_defuserhook.c)...
% Generating resource table (spldgen_5767_1475055448_prolog_rtable.c)...
% Compiling C sources...
gcc
-I"/home/amelo/Documents/SICStus/include"
-g
-O2
-pipe
-D_REENTRANT
-D_GNU_SOURCE
-D_FILE_OFFSET_BITS=64
-fPIC
-DSICSTUS_TARGET_VERSION=40303
-DSPLD_DSP=1
-DSPLD_SET_PROCESS_LOCALE
-DSPLD_PROCESS_LOCALE_NAME=
-c
spldgen_5767_1475055448_main_wrapper.c
-o
spldgen_5767_1475055448_main_wrapper.o
gcc -I"/home/amelo/Documents/SICStus/include" -g -O2 -pipe -D_REENTRANT -D_GNU_SOURCE -D_FILE_OFFSET_BITS=64 -fPIC -DSICSTUS_TARGET_VERSION=40303 -DSPLD_DSP=1 -DSPLD_SET_PROCESS_LOCALE -DSPLD_PROCESS_LOCALE_NAME= -c spldgen_5767_1475055448_main_wrapper.c -o spldgen_5767_1475055448_main_wrapper.o
spld (SICStus Prolog 4.3.3)

SICStus Prolog Release 4.3.3
Copyright (c) 1998-2016 SICS Swedish ICT

Report bugs at:

    http://www.sics.se/sicstus/bugreport/bugreport.html
gcc
-I"/home/amelo/Documents/SICStus/include"
-g
-O2
-pipe
-D_REENTRANT
-D_GNU_SOURCE
-D_FILE_OFFSET_BITS=64
-fPIC
-DSICSTUS_TARGET_VERSION=40303
-DSPLD_DSP=1
-DSPLD_SET_PROCESS_LOCALE
-DSPLD_PROCESS_LOCALE_NAME=
-c
spldgen_5767_1475055448_defuserhook.c
-o
spldgen_5767_1475055448_defuserhook.o
gcc -I"/home/amelo/Documents/SICStus/include" -g -O2 -pipe -D_REENTRANT -D_GNU_SOURCE -D_FILE_OFFSET_BITS=64 -fPIC -DSICSTUS_TARGET_VERSION=40303 -DSPLD_DSP=1 -DSPLD_SET_PROCESS_LOCALE -DSPLD_PROCESS_LOCALE_NAME= -c spldgen_5767_1475055448_defuserhook.c -o spldgen_5767_1475055448_defuserhook.o
gcc
-I"/home/amelo/Documents/SICStus/include"
-g
-O2
-pipe
-D_REENTRANT
-D_GNU_SOURCE
-D_FILE_OFFSET_BITS=64
-fPIC
-DSICSTUS_TARGET_VERSION=40303
-DSPLD_DSP=1
-DSPLD_SET_PROCESS_LOCALE
-DSPLD_PROCESS_LOCALE_NAME=
-c
spldgen_5767_1475055448_prolog_rtable.c
-o
spldgen_5767_1475055448_prolog_rtable.o
gcc -I"/home/amelo/Documents/SICStus/include" -g -O2 -pipe -D_REENTRANT -D_GNU_SOURCE -D_FILE_OFFSET_BITS=64 -fPIC -DSICSTUS_TARGET_VERSION=40303 -DSPLD_DSP=1 -DSPLD_SET_PROCESS_LOCALE -DSPLD_PROCESS_LOCALE_NAME= -c spldgen_5767_1475055448_prolog_rtable.c -o spldgen_5767_1475055448_prolog_rtable.o
Linking "/home/amelo/Documents/SICStus/bin/sicstus-4.3.3"
gcc
-I/home/amelo/Documents/SICStus/include
-g
-O2
-pipe
-D_REENTRANT
-D_GNU_SOURCE
-D_FILE_OFFSET_BITS=64
-fPIC
-DSICSTUS_TARGET_VERSION=40303
-DSPLD_DSP=1
-DSPLD_SET_PROCESS_LOCALE
-DSPLD_PROCESS_LOCALE_NAME=
spldgen_5767_1475055448_main_wrapper.o
spldgen_5767_1475055448_defuserhook.o
spldgen_5767_1475055448_prolog_rtable.o
/home/amelo/Documents/SICStus/lib/sicstus-4.3.3/bin/charmain.o
/home/amelo/Documents/SICStus/lib/sicstus-4.3.3/bin/intrpt.o
/home/amelo/Documents/SICStus/lib/sicstus-4.3.3/bin/main.o
/home/amelo/Documents/SICStus/lib/sicstus-4.3.3/bin/spaux.o
-L/home/amelo/Documents/SICStus/lib
-lsprt4-3-3
-Wl,-rpath,'$ORIGIN/sp-4.3.3'

-ldl
-lm
-lpthread
-lrt
-o
/home/amelo/Documents/SICStus/bin/sicstus-4.3.3

gcc -I/home/amelo/Documents/SICStus/include -g -O2 -pipe -D_REENTRANT -D_GNU_SOURCE -D_FILE_OFFSET_BITS=64 -fPIC -DSICSTUS_TARGET_VERSION=40303 -DSPLD_DSP=1 -DSPLD_SET_PROCESS_LOCALE -DSPLD_PROCESS_LOCALE_NAME= spldgen_5767_1475055448_main_wrapper.o spldgen_5767_1475055448_defuserhook.o spldgen_5767_1475055448_prolog_rtable.o /home/amelo/Documents/SICStus/lib/sicstus-4.3.3/bin/charmain.o /home/amelo/Documents/SICStus/lib/sicstus-4.3.3/bin/intrpt.o /home/amelo/Documents/SICStus/lib/sicstus-4.3.3/bin/main.o /home/amelo/Documents/SICStus/lib/sicstus-4.3.3/bin/spaux.o -L/home/amelo/Documents/SICStus/lib -lsprt4-3-3 -Wl,-rpath,'$ORIGIN/sp-4.3.3' -ldl -lm -lpthread -lrt -o /home/amelo/Documents/SICStus/bin/sicstus-4.3.3
Created "/home/amelo/Documents/SICStus/bin/sicstus-4.3.3"
% Removing temporary files: spldgen_5767_1475055448_main_wrapper.c spldgen_5767_1475055448_defuserhook.c spldgen_5767_1475055448_prolog_rtable.c spldgen_5767_1475055448_main_wrapper.o spldgen_5767_1475055448_defuserhook.o spldgen_5767_1475055448_prolog_rtable.o
@ARGV is ()
% Reading configuration file "/home/amelo/Documents/SICStus/bin/spconfig-4.3.3"
@nonoptions is (/home/amelo/Documents/SICStus/lib/sicstus-4.3.3/library/det.po|/home/amelo/Documents/SICStus/lib/sicstus-4.3.3/library/SU_messages.po)
% Handling non-option arg /home/amelo/Documents/SICStus/lib/sicstus-4.3.3/library/det.po ... as Prolog code
% Handling non-option arg /home/amelo/Documents/SICStus/lib/sicstus-4.3.3/library/SU_messages.po ... as Prolog code
* No specified main function. Defaulting to "load".
% Generating main function (spldgen_5853_1475055448_load_main.c)...
% Generating wrapper for main function (spldgen_5853_1475055448_main_wrapper.c)...
% Building a runtime executable.
% Generating resource table (spldgen_5853_1475055448_prolog_rtable.c)...
% Compiling C sources...
gcc
-I"/home/amelo/Documents/SICStus/include"
-g
-O2
-pipe
-D_REENTRANT
-D_GNU_SOURCE
-D_FILE_OFFSET_BITS=64
-fPIC
-DSICSTUS_TARGET_VERSION=40303
-DSPLD_SET_PROCESS_LOCALE
-DSPLD_PROCESS_LOCALE_NAME=
-c
spldgen_5853_1475055448_load_main.c
-o
spldgen_5853_1475055448_load_main.o
gcc -I"/home/amelo/Documents/SICStus/include" -g -O2 -pipe -D_REENTRANT -D_GNU_SOURCE -D_FILE_OFFSET_BITS=64 -fPIC -DSICSTUS_TARGET_VERSION=40303 -DSPLD_SET_PROCESS_LOCALE -DSPLD_PROCESS_LOCALE_NAME= -c spldgen_5853_1475055448_load_main.c -o spldgen_5853_1475055448_load_main.o
spld (SICStus Prolog 4.3.3)

SICStus Prolog Release 4.3.3
Copyright (c) 1998-2016 SICS Swedish ICT

Report bugs at:

    http://www.sics.se/sicstus/bugreport/bugreport.html
gcc
-I"/home/amelo/Documents/SICStus/include"
-g
-O2
-pipe
-D_REENTRANT
-D_GNU_SOURCE
-D_FILE_OFFSET_BITS=64
-fPIC
-DSICSTUS_TARGET_VERSION=40303
-DSPLD_SET_PROCESS_LOCALE
-DSPLD_PROCESS_LOCALE_NAME=
-c
spldgen_5853_1475055448_main_wrapper.c
-o
spldgen_5853_1475055448_main_wrapper.o
gcc -I"/home/amelo/Documents/SICStus/include" -g -O2 -pipe -D_REENTRANT -D_GNU_SOURCE -D_FILE_OFFSET_BITS=64 -fPIC -DSICSTUS_TARGET_VERSION=40303 -DSPLD_SET_PROCESS_LOCALE -DSPLD_PROCESS_LOCALE_NAME= -c spldgen_5853_1475055448_main_wrapper.c -o spldgen_5853_1475055448_main_wrapper.o
gcc
-I"/home/amelo/Documents/SICStus/include"
-g
-O2
-pipe
-D_REENTRANT
-D_GNU_SOURCE
-D_FILE_OFFSET_BITS=64
-fPIC
-DSICSTUS_TARGET_VERSION=40303
-DSPLD_SET_PROCESS_LOCALE
-DSPLD_PROCESS_LOCALE_NAME=
-c
spldgen_5853_1475055448_prolog_rtable.c
-o
spldgen_5853_1475055448_prolog_rtable.o
gcc -I"/home/amelo/Documents/SICStus/include" -g -O2 -pipe -D_REENTRANT -D_GNU_SOURCE -D_FILE_OFFSET_BITS=64 -fPIC -DSICSTUS_TARGET_VERSION=40303 -DSPLD_SET_PROCESS_LOCALE -DSPLD_PROCESS_LOCALE_NAME= -c spldgen_5853_1475055448_prolog_rtable.c -o spldgen_5853_1475055448_prolog_rtable.o
Linking "/home/amelo/Documents/SICStus/bin/spdet-4.3.3"
gcc
-I/home/amelo/Documents/SICStus/include
-g
-O2
-pipe
-D_REENTRANT
-D_GNU_SOURCE
-D_FILE_OFFSET_BITS=64
-fPIC
-DSICSTUS_TARGET_VERSION=40303
-DSPLD_SET_PROCESS_LOCALE
-DSPLD_PROCESS_LOCALE_NAME=
spldgen_5853_1475055448_load_main.o
spldgen_5853_1475055448_main_wrapper.o
spldgen_5853_1475055448_prolog_rtable.o
/home/amelo/Documents/SICStus/lib/sicstus-4.3.3/bin/charmain.o
/home/amelo/Documents/SICStus/lib/sicstus-4.3.3/bin/intrpt.o
/home/amelo/Documents/SICStus/lib/sicstus-4.3.3/bin/spaux.o
-L/home/amelo/Documents/SICStus/lib
-lsprt4-3-3
-Wl,-rpath,'$ORIGIN/sp-4.3.3'

-ldl
-lm
-lpthread
-lrt
-o
/home/amelo/Documents/SICStus/bin/spdet-4.3.3

gcc -I/home/amelo/Documents/SICStus/include -g -O2 -pipe -D_REENTRANT -D_GNU_SOURCE -D_FILE_OFFSET_BITS=64 -fPIC -DSICSTUS_TARGET_VERSION=40303 -DSPLD_SET_PROCESS_LOCALE -DSPLD_PROCESS_LOCALE_NAME= spldgen_5853_1475055448_load_main.o spldgen_5853_1475055448_main_wrapper.o spldgen_5853_1475055448_prolog_rtable.o /home/amelo/Documents/SICStus/lib/sicstus-4.3.3/bin/charmain.o /home/amelo/Documents/SICStus/lib/sicstus-4.3.3/bin/intrpt.o /home/amelo/Documents/SICStus/lib/sicstus-4.3.3/bin/spaux.o -L/home/amelo/Documents/SICStus/lib -lsprt4-3-3 -Wl,-rpath,'$ORIGIN/sp-4.3.3' -ldl -lm -lpthread -lrt -o /home/amelo/Documents/SICStus/bin/spdet-4.3.3
Created "/home/amelo/Documents/SICStus/bin/spdet-4.3.3"
% Removing temporary files: spldgen_5853_1475055448_load_main.c spldgen_5853_1475055448_main_wrapper.c spldgen_5853_1475055448_prolog_rtable.c spldgen_5853_1475055448_load_main.o spldgen_5853_1475055448_main_wrapper.o spldgen_5853_1475055448_prolog_rtable.o
@ARGV is ()
% Reading configuration file "/home/amelo/Documents/SICStus/bin/spconfig-4.3.3"
@nonoptions is (/home/amelo/Documents/SICStus/lib/sicstus-4.3.3/library/xref.po|/home/amelo/Documents/SICStus/lib/sicstus-4.3.3/library/SU_messages.po)
% Handling non-option arg /home/amelo/Documents/SICStus/lib/sicstus-4.3.3/library/xref.po ... as Prolog code
% Handling non-option arg /home/amelo/Documents/SICStus/lib/sicstus-4.3.3/library/SU_messages.po ... as Prolog code
* No specified main function. Defaulting to "load".
% Generating main function (spldgen_5881_1475055449_load_main.c)...
% Generating wrapper for main function (spldgen_5881_1475055449_main_wrapper.c)...
% Building a runtime executable.
% Generating resource table (spldgen_5881_1475055449_prolog_rtable.c)...
% Compiling C sources...
gcc
-I"/home/amelo/Documents/SICStus/include"
-g
-O2
-pipe
-D_REENTRANT
-D_GNU_SOURCE
-D_FILE_OFFSET_BITS=64
-fPIC
-DSICSTUS_TARGET_VERSION=40303
-DSPLD_SET_PROCESS_LOCALE
-DSPLD_PROCESS_LOCALE_NAME=
-c
spldgen_5881_1475055449_load_main.c
-o
spldgen_5881_1475055449_load_main.o
gcc -I"/home/amelo/Documents/SICStus/include" -g -O2 -pipe -D_REENTRANT -D_GNU_SOURCE -D_FILE_OFFSET_BITS=64 -fPIC -DSICSTUS_TARGET_VERSION=40303 -DSPLD_SET_PROCESS_LOCALE -DSPLD_PROCESS_LOCALE_NAME= -c spldgen_5881_1475055449_load_main.c -o spldgen_5881_1475055449_load_main.o
spld (SICStus Prolog 4.3.3)

SICStus Prolog Release 4.3.3
Copyright (c) 1998-2016 SICS Swedish ICT

Report bugs at:

    http://www.sics.se/sicstus/bugreport/bugreport.html
gcc
-I"/home/amelo/Documents/SICStus/include"
-g
-O2
-pipe
-D_REENTRANT
-D_GNU_SOURCE
-D_FILE_OFFSET_BITS=64
-fPIC
-DSICSTUS_TARGET_VERSION=40303
-DSPLD_SET_PROCESS_LOCALE
-DSPLD_PROCESS_LOCALE_NAME=
-c
spldgen_5881_1475055449_main_wrapper.c
-o
spldgen_5881_1475055449_main_wrapper.o
gcc -I"/home/amelo/Documents/SICStus/include" -g -O2 -pipe -D_REENTRANT -D_GNU_SOURCE -D_FILE_OFFSET_BITS=64 -fPIC -DSICSTUS_TARGET_VERSION=40303 -DSPLD_SET_PROCESS_LOCALE -DSPLD_PROCESS_LOCALE_NAME= -c spldgen_5881_1475055449_main_wrapper.c -o spldgen_5881_1475055449_main_wrapper.o
gcc
-I"/home/amelo/Documents/SICStus/include"
-g
-O2
-pipe
-D_REENTRANT
-D_GNU_SOURCE
-D_FILE_OFFSET_BITS=64
-fPIC
-DSICSTUS_TARGET_VERSION=40303
-DSPLD_SET_PROCESS_LOCALE
-DSPLD_PROCESS_LOCALE_NAME=
-c
spldgen_5881_1475055449_prolog_rtable.c
-o
spldgen_5881_1475055449_prolog_rtable.o
gcc -I"/home/amelo/Documents/SICStus/include" -g -O2 -pipe -D_REENTRANT -D_GNU_SOURCE -D_FILE_OFFSET_BITS=64 -fPIC -DSICSTUS_TARGET_VERSION=40303 -DSPLD_SET_PROCESS_LOCALE -DSPLD_PROCESS_LOCALE_NAME= -c spldgen_5881_1475055449_prolog_rtable.c -o spldgen_5881_1475055449_prolog_rtable.o
Linking "/home/amelo/Documents/SICStus/bin/spxref-4.3.3"
gcc
-I/home/amelo/Documents/SICStus/include
-g
-O2
-pipe
-D_REENTRANT
-D_GNU_SOURCE
-D_FILE_OFFSET_BITS=64
-fPIC
-DSICSTUS_TARGET_VERSION=40303
-DSPLD_SET_PROCESS_LOCALE
-DSPLD_PROCESS_LOCALE_NAME=
spldgen_5881_1475055449_load_main.o
spldgen_5881_1475055449_main_wrapper.o
spldgen_5881_1475055449_prolog_rtable.o
/home/amelo/Documents/SICStus/lib/sicstus-4.3.3/bin/charmain.o
/home/amelo/Documents/SICStus/lib/sicstus-4.3.3/bin/intrpt.o
/home/amelo/Documents/SICStus/lib/sicstus-4.3.3/bin/spaux.o
-L/home/amelo/Documents/SICStus/lib
-lsprt4-3-3
-Wl,-rpath,'$ORIGIN/sp-4.3.3'

-ldl
-lm
-lpthread
-lrt
-o
/home/amelo/Documents/SICStus/bin/spxref-4.3.3

gcc -I/home/amelo/Documents/SICStus/include -g -O2 -pipe -D_REENTRANT -D_GNU_SOURCE -D_FILE_OFFSET_BITS=64 -fPIC -DSICSTUS_TARGET_VERSION=40303 -DSPLD_SET_PROCESS_LOCALE -DSPLD_PROCESS_LOCALE_NAME= spldgen_5881_1475055449_load_main.o spldgen_5881_1475055449_main_wrapper.o spldgen_5881_1475055449_prolog_rtable.o /home/amelo/Documents/SICStus/lib/sicstus-4.3.3/bin/charmain.o /home/amelo/Documents/SICStus/lib/sicstus-4.3.3/bin/intrpt.o /home/amelo/Documents/SICStus/lib/sicstus-4.3.3/bin/spaux.o -L/home/amelo/Documents/SICStus/lib -lsprt4-3-3 -Wl,-rpath,'$ORIGIN/sp-4.3.3' -ldl -lm -lpthread -lrt -o /home/amelo/Documents/SICStus/bin/spxref-4.3.3
Created "/home/amelo/Documents/SICStus/bin/spxref-4.3.3"
% Removing temporary files: spldgen_5881_1475055449_load_main.c spldgen_5881_1475055449_main_wrapper.c spldgen_5881_1475055449_prolog_rtable.c spldgen_5881_1475055449_load_main.o spldgen_5881_1475055449_main_wrapper.o spldgen_5881_1475055449_prolog_rtable.o
@ARGV is ()
% Reading configuration file "/home/amelo/Documents/SICStus/bin/spconfig-4.3.3"
@nonoptions is (/home/amelo/Documents/SICStus/lib/sicstus-4.3.3/library/mzn_sicstus.po|/home/amelo/Documents/SICStus/lib/sicstus-4.3.3/library/SU_messages.po)
% Handling non-option arg /home/amelo/Documents/SICStus/lib/sicstus-4.3.3/library/mzn_sicstus.po ... as Prolog code
% Handling non-option arg /home/amelo/Documents/SICStus/lib/sicstus-4.3.3/library/SU_messages.po ... as Prolog code
* No specified main function. Defaulting to "load".
% Generating main function (spldgen_5909_1475055449_load_main.c)...
% Generating wrapper for main function (spldgen_5909_1475055449_main_wrapper.c)...
% Building a runtime executable.
% Generating resource table (spldgen_5909_1475055449_prolog_rtable.c)...
% Compiling C sources...
gcc
-I"/home/amelo/Documents/SICStus/include"
-g
-O2
-pipe
-D_REENTRANT
-D_GNU_SOURCE
-D_FILE_OFFSET_BITS=64
-fPIC
-DSICSTUS_TARGET_VERSION=40303
-DSPLD_SET_PROCESS_LOCALE
-DSPLD_PROCESS_LOCALE_NAME=
-c
spldgen_5909_1475055449_load_main.c
-o
spldgen_5909_1475055449_load_main.o
gcc -I"/home/amelo/Documents/SICStus/include" -g -O2 -pipe -D_REENTRANT -D_GNU_SOURCE -D_FILE_OFFSET_BITS=64 -fPIC -DSICSTUS_TARGET_VERSION=40303 -DSPLD_SET_PROCESS_LOCALE -DSPLD_PROCESS_LOCALE_NAME= -c spldgen_5909_1475055449_load_main.c -o spldgen_5909_1475055449_load_main.o
spld (SICStus Prolog 4.3.3)

SICStus Prolog Release 4.3.3
Copyright (c) 1998-2016 SICS Swedish ICT

Report bugs at:

    http://www.sics.se/sicstus/bugreport/bugreport.html
gcc
-I"/home/amelo/Documents/SICStus/include"
-g
-O2
-pipe
-D_REENTRANT
-D_GNU_SOURCE
-D_FILE_OFFSET_BITS=64
-fPIC
-DSICSTUS_TARGET_VERSION=40303
-DSPLD_SET_PROCESS_LOCALE
-DSPLD_PROCESS_LOCALE_NAME=
-c
spldgen_5909_1475055449_main_wrapper.c
-o
spldgen_5909_1475055449_main_wrapper.o
gcc -I"/home/amelo/Documents/SICStus/include" -g -O2 -pipe -D_REENTRANT -D_GNU_SOURCE -D_FILE_OFFSET_BITS=64 -fPIC -DSICSTUS_TARGET_VERSION=40303 -DSPLD_SET_PROCESS_LOCALE -DSPLD_PROCESS_LOCALE_NAME= -c spldgen_5909_1475055449_main_wrapper.c -o spldgen_5909_1475055449_main_wrapper.o
gcc
-I"/home/amelo/Documents/SICStus/include"
-g
-O2
-pipe
-D_REENTRANT
-D_GNU_SOURCE
-D_FILE_OFFSET_BITS=64
-fPIC
-DSICSTUS_TARGET_VERSION=40303
-DSPLD_SET_PROCESS_LOCALE
-DSPLD_PROCESS_LOCALE_NAME=
-c
spldgen_5909_1475055449_prolog_rtable.c
-o
spldgen_5909_1475055449_prolog_rtable.o
gcc -I"/home/amelo/Documents/SICStus/include" -g -O2 -pipe -D_REENTRANT -D_GNU_SOURCE -D_FILE_OFFSET_BITS=64 -fPIC -DSICSTUS_TARGET_VERSION=40303 -DSPLD_SET_PROCESS_LOCALE -DSPLD_PROCESS_LOCALE_NAME= -c spldgen_5909_1475055449_prolog_rtable.c -o spldgen_5909_1475055449_prolog_rtable.o
Linking "/home/amelo/Documents/SICStus/bin/mzn-sicstus-4.3.3"
gcc
-I/home/amelo/Documents/SICStus/include
-g
-O2
-pipe
-D_REENTRANT
-D_GNU_SOURCE
-D_FILE_OFFSET_BITS=64
-fPIC
-DSICSTUS_TARGET_VERSION=40303
-DSPLD_SET_PROCESS_LOCALE
-DSPLD_PROCESS_LOCALE_NAME=
spldgen_5909_1475055449_load_main.o
spldgen_5909_1475055449_main_wrapper.o
spldgen_5909_1475055449_prolog_rtable.o
/home/amelo/Documents/SICStus/lib/sicstus-4.3.3/bin/charmain.o
/home/amelo/Documents/SICStus/lib/sicstus-4.3.3/bin/intrpt.o
/home/amelo/Documents/SICStus/lib/sicstus-4.3.3/bin/spaux.o
-L/home/amelo/Documents/SICStus/lib
-lsprt4-3-3
-Wl,-rpath,'$ORIGIN/sp-4.3.3'

-ldl
-lm
-lpthread
-lrt
-o
/home/amelo/Documents/SICStus/bin/mzn-sicstus-4.3.3

gcc -I/home/amelo/Documents/SICStus/include -g -O2 -pipe -D_REENTRANT -D_GNU_SOURCE -D_FILE_OFFSET_BITS=64 -fPIC -DSICSTUS_TARGET_VERSION=40303 -DSPLD_SET_PROCESS_LOCALE -DSPLD_PROCESS_LOCALE_NAME= spldgen_5909_1475055449_load_main.o spldgen_5909_1475055449_main_wrapper.o spldgen_5909_1475055449_prolog_rtable.o /home/amelo/Documents/SICStus/lib/sicstus-4.3.3/bin/charmain.o /home/amelo/Documents/SICStus/lib/sicstus-4.3.3/bin/intrpt.o /home/amelo/Documents/SICStus/lib/sicstus-4.3.3/bin/spaux.o -L/home/amelo/Documents/SICStus/lib -lsprt4-3-3 -Wl,-rpath,'$ORIGIN/sp-4.3.3' -ldl -lm -lpthread -lrt -o /home/amelo/Documents/SICStus/bin/mzn-sicstus-4.3.3
Created "/home/amelo/Documents/SICStus/bin/mzn-sicstus-4.3.3"
% Removing temporary files: spldgen_5909_1475055449_load_main.c spldgen_5909_1475055449_main_wrapper.c spldgen_5909_1475055449_prolog_rtable.c spldgen_5909_1475055449_load_main.o spldgen_5909_1475055449_main_wrapper.o spldgen_5909_1475055449_prolog_rtable.o
@ARGV is ()
% Reading configuration file "/home/amelo/Documents/SICStus/bin/spconfig-4.3.3"
@nonoptions is (/home/amelo/Documents/SICStus/lib/sicstus-4.3.3/library/fz.po|/home/amelo/Documents/SICStus/lib/sicstus-4.3.3/library/SU_messages.po)
% Handling non-option arg /home/amelo/Documents/SICStus/lib/sicstus-4.3.3/library/fz.po ... as Prolog code
% Handling non-option arg /home/amelo/Documents/SICStus/lib/sicstus-4.3.3/library/SU_messages.po ... as Prolog code
* No specified main function. Defaulting to "load".
% Generating main function (spldgen_5937_1475055449_load_main.c)...
% Generating wrapper for main function (spldgen_5937_1475055449_main_wrapper.c)...
% Building a runtime executable.
% Generating resource table (spldgen_5937_1475055449_prolog_rtable.c)...
% Compiling C sources...
gcc
-I"/home/amelo/Documents/SICStus/include"
-g
-O2
-pipe
-D_REENTRANT
-D_GNU_SOURCE
-D_FILE_OFFSET_BITS=64
-fPIC
-DSICSTUS_TARGET_VERSION=40303
-DSPLD_SET_PROCESS_LOCALE
-DSPLD_PROCESS_LOCALE_NAME=
-c
spldgen_5937_1475055449_load_main.c
-o
spldgen_5937_1475055449_load_main.o
gcc -I"/home/amelo/Documents/SICStus/include" -g -O2 -pipe -D_REENTRANT -D_GNU_SOURCE -D_FILE_OFFSET_BITS=64 -fPIC -DSICSTUS_TARGET_VERSION=40303 -DSPLD_SET_PROCESS_LOCALE -DSPLD_PROCESS_LOCALE_NAME= -c spldgen_5937_1475055449_load_main.c -o spldgen_5937_1475055449_load_main.o
spld (SICStus Prolog 4.3.3)

SICStus Prolog Release 4.3.3
Copyright (c) 1998-2016 SICS Swedish ICT

Report bugs at:

    http://www.sics.se/sicstus/bugreport/bugreport.html
gcc
-I"/home/amelo/Documents/SICStus/include"
-g
-O2
-pipe
-D_REENTRANT
-D_GNU_SOURCE
-D_FILE_OFFSET_BITS=64
-fPIC
-DSICSTUS_TARGET_VERSION=40303
-DSPLD_SET_PROCESS_LOCALE
-DSPLD_PROCESS_LOCALE_NAME=
-c
spldgen_5937_1475055449_main_wrapper.c
-o
spldgen_5937_1475055449_main_wrapper.o
gcc -I"/home/amelo/Documents/SICStus/include" -g -O2 -pipe -D_REENTRANT -D_GNU_SOURCE -D_FILE_OFFSET_BITS=64 -fPIC -DSICSTUS_TARGET_VERSION=40303 -DSPLD_SET_PROCESS_LOCALE -DSPLD_PROCESS_LOCALE_NAME= -c spldgen_5937_1475055449_main_wrapper.c -o spldgen_5937_1475055449_main_wrapper.o
gcc
-I"/home/amelo/Documents/SICStus/include"
-g
-O2
-pipe
-D_REENTRANT
-D_GNU_SOURCE
-D_FILE_OFFSET_BITS=64
-fPIC
-DSICSTUS_TARGET_VERSION=40303
-DSPLD_SET_PROCESS_LOCALE
-DSPLD_PROCESS_LOCALE_NAME=
-c
spldgen_5937_1475055449_prolog_rtable.c
-o
spldgen_5937_1475055449_prolog_rtable.o
gcc -I"/home/amelo/Documents/SICStus/include" -g -O2 -pipe -D_REENTRANT -D_GNU_SOURCE -D_FILE_OFFSET_BITS=64 -fPIC -DSICSTUS_TARGET_VERSION=40303 -DSPLD_SET_PROCESS_LOCALE -DSPLD_PROCESS_LOCALE_NAME= -c spldgen_5937_1475055449_prolog_rtable.c -o spldgen_5937_1475055449_prolog_rtable.o
Linking "/home/amelo/Documents/SICStus/bin/spfz-4.3.3"
gcc
-I/home/amelo/Documents/SICStus/include
-g
-O2
-pipe
-D_REENTRANT
-D_GNU_SOURCE
-D_FILE_OFFSET_BITS=64
-fPIC
-DSICSTUS_TARGET_VERSION=40303
-DSPLD_SET_PROCESS_LOCALE
-DSPLD_PROCESS_LOCALE_NAME=
spldgen_5937_1475055449_load_main.o
spldgen_5937_1475055449_main_wrapper.o
spldgen_5937_1475055449_prolog_rtable.o
/home/amelo/Documents/SICStus/lib/sicstus-4.3.3/bin/charmain.o
/home/amelo/Documents/SICStus/lib/sicstus-4.3.3/bin/intrpt.o
/home/amelo/Documents/SICStus/lib/sicstus-4.3.3/bin/spaux.o
-L/home/amelo/Documents/SICStus/lib
-lsprt4-3-3
-Wl,-rpath,'$ORIGIN/sp-4.3.3'

-ldl
-lm
-lpthread
-lrt
-o
/home/amelo/Documents/SICStus/bin/spfz-4.3.3

gcc -I/home/amelo/Documents/SICStus/include -g -O2 -pipe -D_REENTRANT -D_GNU_SOURCE -D_FILE_OFFSET_BITS=64 -fPIC -DSICSTUS_TARGET_VERSION=40303 -DSPLD_SET_PROCESS_LOCALE -DSPLD_PROCESS_LOCALE_NAME= spldgen_5937_1475055449_load_main.o spldgen_5937_1475055449_main_wrapper.o spldgen_5937_1475055449_prolog_rtable.o /home/amelo/Documents/SICStus/lib/sicstus-4.3.3/bin/charmain.o /home/amelo/Documents/SICStus/lib/sicstus-4.3.3/bin/intrpt.o /home/amelo/Documents/SICStus/lib/sicstus-4.3.3/bin/spaux.o -L/home/amelo/Documents/SICStus/lib -lsprt4-3-3 -Wl,-rpath,'$ORIGIN/sp-4.3.3' -ldl -lm -lpthread -lrt -o /home/amelo/Documents/SICStus/bin/spfz-4.3.3
Created "/home/amelo/Documents/SICStus/bin/spfz-4.3.3"
% Removing temporary files: spldgen_5937_1475055449_load_main.c spldgen_5937_1475055449_main_wrapper.c spldgen_5937_1475055449_prolog_rtable.c spldgen_5937_1475055449_load_main.o spldgen_5937_1475055449_main_wrapper.o spldgen_5937_1475055449_prolog_rtable.o
@ARGV is ()
% Reading configuration file "/home/amelo/Documents/SICStus/bin/spconfig-4.3.3"
@nonoptions is (URL:x-sicstus-resource:*.sav)
% Handling non-option arg URL:x-sicstus-resource:*.sav ... as Prolog saved state
% Generating main function (spldgen_5965_1475055450_restore_main.c)...
% Generating wrapper for main function (spldgen_5965_1475055450_main_wrapper.c)...
% Building a runtime executable.
% Generating resource table (spldgen_5965_1475055450_prolog_rtable.c)...
% Compiling C sources...
gcc
-I"/home/amelo/Documents/SICStus/include"
-g
-O2
-pipe
-D_REENTRANT
-D_GNU_SOURCE
-D_FILE_OFFSET_BITS=64
-fPIC
-DSICSTUS_TARGET_VERSION=40303
-DSPLD_SET_PROCESS_LOCALE
-DSPLD_PROCESS_LOCALE_NAME=
-c
spldgen_5965_1475055450_restore_main.c
-o
spldgen_5965_1475055450_restore_main.o
gcc -I"/home/amelo/Documents/SICStus/include" -g -O2 -pipe -D_REENTRANT -D_GNU_SOURCE -D_FILE_OFFSET_BITS=64 -fPIC -DSICSTUS_TARGET_VERSION=40303 -DSPLD_SET_PROCESS_LOCALE -DSPLD_PROCESS_LOCALE_NAME= -c spldgen_5965_1475055450_restore_main.c -o spldgen_5965_1475055450_restore_main.o
spld (SICStus Prolog 4.3.3)

SICStus Prolog Release 4.3.3
Copyright (c) 1998-2016 SICS Swedish ICT

Report bugs at:

    http://www.sics.se/sicstus/bugreport/bugreport.html
gcc
-I"/home/amelo/Documents/SICStus/include"
-g
-O2
-pipe
-D_REENTRANT
-D_GNU_SOURCE
-D_FILE_OFFSET_BITS=64
-fPIC
-DSICSTUS_TARGET_VERSION=40303
-DSPLD_SET_PROCESS_LOCALE
-DSPLD_PROCESS_LOCALE_NAME=
-c
spldgen_5965_1475055450_main_wrapper.c
-o
spldgen_5965_1475055450_main_wrapper.o
gcc -I"/home/amelo/Documents/SICStus/include" -g -O2 -pipe -D_REENTRANT -D_GNU_SOURCE -D_FILE_OFFSET_BITS=64 -fPIC -DSICSTUS_TARGET_VERSION=40303 -DSPLD_SET_PROCESS_LOCALE -DSPLD_PROCESS_LOCALE_NAME= -c spldgen_5965_1475055450_main_wrapper.c -o spldgen_5965_1475055450_main_wrapper.o
gcc
-I"/home/amelo/Documents/SICStus/include"
-g
-O2
-pipe
-D_REENTRANT
-D_GNU_SOURCE
-D_FILE_OFFSET_BITS=64
-fPIC
-DSICSTUS_TARGET_VERSION=40303
-DSPLD_SET_PROCESS_LOCALE
-DSPLD_PROCESS_LOCALE_NAME=
-c
spldgen_5965_1475055450_prolog_rtable.c
-o
spldgen_5965_1475055450_prolog_rtable.o
gcc -I"/home/amelo/Documents/SICStus/include" -g -O2 -pipe -D_REENTRANT -D_GNU_SOURCE -D_FILE_OFFSET_BITS=64 -fPIC -DSICSTUS_TARGET_VERSION=40303 -DSPLD_SET_PROCESS_LOCALE -DSPLD_PROCESS_LOCALE_NAME= -c spldgen_5965_1475055450_prolog_rtable.c -o spldgen_5965_1475055450_prolog_rtable.o
Linking "/home/amelo/Documents/SICStus/bin/sprt-4.3.3"
gcc
-I/home/amelo/Documents/SICStus/include
-g
-O2
-pipe
-D_REENTRANT
-D_GNU_SOURCE
-D_FILE_OFFSET_BITS=64
-fPIC
-DSICSTUS_TARGET_VERSION=40303
-DSPLD_SET_PROCESS_LOCALE
-DSPLD_PROCESS_LOCALE_NAME=
spldgen_5965_1475055450_restore_main.o
spldgen_5965_1475055450_main_wrapper.o
spldgen_5965_1475055450_prolog_rtable.o
/home/amelo/Documents/SICStus/lib/sicstus-4.3.3/bin/charmain.o
/home/amelo/Documents/SICStus/lib/sicstus-4.3.3/bin/intrpt.o
/home/amelo/Documents/SICStus/lib/sicstus-4.3.3/bin/spaux.o
-L/home/amelo/Documents/SICStus/lib
-lsprt4-3-3
-Wl,-rpath,'$ORIGIN/sp-4.3.3'

-ldl
-lm
-lpthread
-lrt
-o
/home/amelo/Documents/SICStus/bin/sprt-4.3.3

gcc -I/home/amelo/Documents/SICStus/include -g -O2 -pipe -D_REENTRANT -D_GNU_SOURCE -D_FILE_OFFSET_BITS=64 -fPIC -DSICSTUS_TARGET_VERSION=40303 -DSPLD_SET_PROCESS_LOCALE -DSPLD_PROCESS_LOCALE_NAME= spldgen_5965_1475055450_restore_main.o spldgen_5965_1475055450_main_wrapper.o spldgen_5965_1475055450_prolog_rtable.o /home/amelo/Documents/SICStus/lib/sicstus-4.3.3/bin/charmain.o /home/amelo/Documents/SICStus/lib/sicstus-4.3.3/bin/intrpt.o /home/amelo/Documents/SICStus/lib/sicstus-4.3.3/bin/spaux.o -L/home/amelo/Documents/SICStus/lib -lsprt4-3-3 -Wl,-rpath,'$ORIGIN/sp-4.3.3' -ldl -lm -lpthread -lrt -o /home/amelo/Documents/SICStus/bin/sprt-4.3.3
Created "/home/amelo/Documents/SICStus/bin/sprt-4.3.3"
% Removing temporary files: spldgen_5965_1475055450_restore_main.c spldgen_5965_1475055450_main_wrapper.c spldgen_5965_1475055450_prolog_rtable.c spldgen_5965_1475055450_restore_main.o spldgen_5965_1475055450_main_wrapper.o spldgen_5965_1475055450_prolog_rtable.o
@ARGV is ()
% Reading configuration file "/home/amelo/Documents/SICStus/bin/spconfig-4.3.3"
@nonoptions is (URL:x-sicstus-resource:*.sav)
% Handling non-option arg URL:x-sicstus-resource:*.sav ... as Prolog saved state
% Generating main function (spldgen_5993_1475055450_restore_main.c)...
% Generating wrapper for main function (spldgen_5993_1475055450_main_wrapper.c)...
% Building a runtime executable.
% Generating resource table (spldgen_5993_1475055450_prolog_rtable.c)...
% Compiling C sources...
gcc
-I"/home/amelo/Documents/SICStus/include"
-g
-O2
-pipe
-D_REENTRANT
-D_GNU_SOURCE
-D_FILE_OFFSET_BITS=64
-fPIC
-DSICSTUS_TARGET_VERSION=40303
-DSPLD_SET_PROCESS_LOCALE
-DSPLD_PROCESS_LOCALE_NAME=
-c
spldgen_5993_1475055450_restore_main.c
-o
spldgen_5993_1475055450_restore_main.o
gcc -I"/home/amelo/Documents/SICStus/include" -g -O2 -pipe -D_REENTRANT -D_GNU_SOURCE -D_FILE_OFFSET_BITS=64 -fPIC -DSICSTUS_TARGET_VERSION=40303 -DSPLD_SET_PROCESS_LOCALE -DSPLD_PROCESS_LOCALE_NAME= -c spldgen_5993_1475055450_restore_main.c -o spldgen_5993_1475055450_restore_main.o
spld (SICStus Prolog 4.3.3)

SICStus Prolog Release 4.3.3
Copyright (c) 1998-2016 SICS Swedish ICT

Report bugs at:

    http://www.sics.se/sicstus/bugreport/bugreport.html
gcc
-I"/home/amelo/Documents/SICStus/include"
-g
-O2
-pipe
-D_REENTRANT
-D_GNU_SOURCE
-D_FILE_OFFSET_BITS=64
-fPIC
-DSICSTUS_TARGET_VERSION=40303
-DSPLD_SET_PROCESS_LOCALE
-DSPLD_PROCESS_LOCALE_NAME=
-c
spldgen_5993_1475055450_main_wrapper.c
-o
spldgen_5993_1475055450_main_wrapper.o
gcc -I"/home/amelo/Documents/SICStus/include" -g -O2 -pipe -D_REENTRANT -D_GNU_SOURCE -D_FILE_OFFSET_BITS=64 -fPIC -DSICSTUS_TARGET_VERSION=40303 -DSPLD_SET_PROCESS_LOCALE -DSPLD_PROCESS_LOCALE_NAME= -c spldgen_5993_1475055450_main_wrapper.c -o spldgen_5993_1475055450_main_wrapper.o
gcc
-I"/home/amelo/Documents/SICStus/include"
-g
-O2
-pipe
-D_REENTRANT
-D_GNU_SOURCE
-D_FILE_OFFSET_BITS=64
-fPIC
-DSICSTUS_TARGET_VERSION=40303
-DSPLD_SET_PROCESS_LOCALE
-DSPLD_PROCESS_LOCALE_NAME=
-c
spldgen_5993_1475055450_prolog_rtable.c
-o
spldgen_5993_1475055450_prolog_rtable.o
gcc -I"/home/amelo/Documents/SICStus/include" -g -O2 -pipe -D_REENTRANT -D_GNU_SOURCE -D_FILE_OFFSET_BITS=64 -fPIC -DSICSTUS_TARGET_VERSION=40303 -DSPLD_SET_PROCESS_LOCALE -DSPLD_PROCESS_LOCALE_NAME= -c spldgen_5993_1475055450_prolog_rtable.c -o spldgen_5993_1475055450_prolog_rtable.o
Linking "/home/amelo/Documents/SICStus/bin/sprti-4.3.3"
gcc
-I/home/amelo/Documents/SICStus/include
-g
-O2
-pipe
-D_REENTRANT
-D_GNU_SOURCE
-D_FILE_OFFSET_BITS=64
-fPIC
-DSICSTUS_TARGET_VERSION=40303
-DSPLD_SET_PROCESS_LOCALE
-DSPLD_PROCESS_LOCALE_NAME=
spldgen_5993_1475055450_restore_main.o
spldgen_5993_1475055450_main_wrapper.o
spldgen_5993_1475055450_prolog_rtable.o
/home/amelo/Documents/SICStus/lib/sicstus-4.3.3/bin/charmain.o
/home/amelo/Documents/SICStus/lib/sicstus-4.3.3/bin/intrpt.o
/home/amelo/Documents/SICStus/lib/sicstus-4.3.3/bin/spaux.o
-L/home/amelo/Documents/SICStus/lib
-lsprt4-3-3
-Wl,-rpath,'$ORIGIN/sp-4.3.3'

-ldl
-lm
-lpthread
-lrt
-o
/home/amelo/Documents/SICStus/bin/sprti-4.3.3

gcc -I/home/amelo/Documents/SICStus/include -g -O2 -pipe -D_REENTRANT -D_GNU_SOURCE -D_FILE_OFFSET_BITS=64 -fPIC -DSICSTUS_TARGET_VERSION=40303 -DSPLD_SET_PROCESS_LOCALE -DSPLD_PROCESS_LOCALE_NAME= spldgen_5993_1475055450_restore_main.o spldgen_5993_1475055450_main_wrapper.o spldgen_5993_1475055450_prolog_rtable.o /home/amelo/Documents/SICStus/lib/sicstus-4.3.3/bin/charmain.o /home/amelo/Documents/SICStus/lib/sicstus-4.3.3/bin/intrpt.o /home/amelo/Documents/SICStus/lib/sicstus-4.3.3/bin/spaux.o -L/home/amelo/Documents/SICStus/lib -lsprt4-3-3 -Wl,-rpath,'$ORIGIN/sp-4.3.3' -ldl -lm -lpthread -lrt -o /home/amelo/Documents/SICStus/bin/sprti-4.3.3
Created "/home/amelo/Documents/SICStus/bin/sprti-4.3.3"
% Removing temporary files: spldgen_5993_1475055450_restore_main.c spldgen_5993_1475055450_main_wrapper.c spldgen_5993_1475055450_prolog_rtable.c spldgen_5993_1475055450_restore_main.o spldgen_5993_1475055450_main_wrapper.o spldgen_5993_1475055450_prolog_rtable.o
